::1 - - [20/Jan/2024:18:05:34 +0000] "POST /user/signin HTTP/1.1" 200 398
::1 - - [20/Jan/2024:18:05:34 +0000] "POST /user/signin HTTP/1.1" 200 398
::1 - - [20/Jan/2024:18:06:47 +0000] "POST /user/signin HTTP/1.1" 200 398
::1 - - [20/Jan/2024:18:07:05 +0000] "POST /payments/approve HTTP/1.1" 200 63
::1 - - [20/Jan/2024:18:08:59 +0000] "POST /payments/cancelled_payment HTTP/1.1" - -
::1 - - [20/Jan/2024:18:10:02 +0000] "POST /user/signin HTTP/1.1" 200 398
::1 - - [20/Jan/2024:18:15:04 +0000] "POST /user/signin HTTP/1.1" 200 398
::1 - - [20/Jan/2024:18:15:18 +0000] "POST /payments/approve HTTP/1.1" 200 63
::1 - - [20/Jan/2024:18:16:49 +0000] "POST /payments/cancelled_payment HTTP/1.1" 200 64
::1 - - [20/Jan/2024:18:20:10 +0000] "POST /user/signin HTTP/1.1" 200 398
::1 - - [20/Jan/2024:18:23:23 +0000] "POST /user/signin HTTP/1.1" - -
::1 - - [20/Jan/2024:18:23:32 +0000] "POST /user/signin HTTP/1.1" 200 398
::1 - - [20/Jan/2024:18:24:01 +0000] "POST /payments/approve HTTP/1.1" 200 63
::1 - - [20/Jan/2024:18:25:48 +0000] "POST /payments/cancelled_payment HTTP/1.1" 200 64
::1 - - [20/Jan/2024:18:29:04 +0000] "POST /user/signin HTTP/1.1" 200 398
::1 - - [20/Jan/2024:18:31:01 +0000] "POST /user/signin HTTP/1.1" 200 398
::1 - - [20/Jan/2024:18:31:12 +0000] "POST /payments/approve HTTP/1.1" 200 63
::1 - - [22/Jan/2024:08:58:13 +0000] "POST /user/signin HTTP/1.1" 200 401
::1 - - [22/Jan/2024:08:58:14 +0000] "POST /user/signin HTTP/1.1" 200 401
::1 - - [22/Jan/2024:08:58:20 +0000] "POST /payments/approve HTTP/1.1" 200 63
::1 - - [22/Jan/2024:08:59:46 +0000] "POST /payments/complete HTTP/1.1" 200 64
::1 - - [22/Jan/2024:09:09:54 +0000] "POST /payments/approve HTTP/1.1" 200 63
::1 - - [22/Jan/2024:09:10:37 +0000] "POST /payments/complete HTTP/1.1" 200 64
::1 - - [22/Jan/2024:09:22:38 +0000] "POST /user/signin HTTP/1.1" 200 401
::1 - - [22/Jan/2024:09:22:44 +0000] "POST /payments/approve HTTP/1.1" 200 63
::1 - - [22/Jan/2024:09:23:18 +0000] "POST /payments/complete HTTP/1.1" 200 64
::1 - - [22/Jan/2024:09:24:02 +0000] "POST /payments/approve HTTP/1.1" 200 63
::1 - - [22/Jan/2024:09:24:27 +0000] "POST /payments/complete HTTP/1.1" 200 64
::1 - - [22/Jan/2024:09:31:45 +0000] "POST /user/signin HTTP/1.1" 200 401
::1 - - [22/Jan/2024:09:31:53 +0000] "POST /payments/approve HTTP/1.1" 200 63
::1 - - [22/Jan/2024:09:32:16 +0000] "POST /payments/complete HTTP/1.1" 200 64
::1 - - [22/Jan/2024:09:35:47 +0000] "POST /user/signin HTTP/1.1" 200 401
::1 - - [22/Jan/2024:09:35:52 +0000] "POST /payments/approve HTTP/1.1" 200 63
::1 - - [22/Jan/2024:09:36:15 +0000] "POST /payments/complete HTTP/1.1" 200 64
::1 - - [22/Jan/2024:09:41:08 +0000] "POST /user/signin HTTP/1.1" 200 401
::1 - - [22/Jan/2024:09:41:11 +0000] "POST /user/signin HTTP/1.1" 200 401
::1 - - [22/Jan/2024:09:41:15 +0000] "POST /payments/approve HTTP/1.1" 200 63
::1 - - [22/Jan/2024:09:41:41 +0000] "POST /payments/complete HTTP/1.1" 200 64
::1 - - [22/Jan/2024:09:49:30 +0000] "POST /user/signin HTTP/1.1" 200 413
::1 - - [22/Jan/2024:09:49:46 +0000] "POST /payments/approve HTTP/1.1" 200 63
::1 - - [22/Jan/2024:09:50:37 +0000] "POST /payments/complete HTTP/1.1" 200 64
::1 - - [22/Jan/2024:09:53:10 +0000] "POST /payments/approve HTTP/1.1" 200 63
::1 - - [22/Jan/2024:09:53:37 +0000] "POST /payments/complete HTTP/1.1" 200 64
::1 - - [22/Jan/2024:09:59:17 +0000] "POST /user/signin HTTP/1.1" 200 413
::1 - - [22/Jan/2024:09:59:23 +0000] "POST /payments/approve HTTP/1.1" 200 63
::1 - - [22/Jan/2024:09:59:23 +0000] "POST /user/signin HTTP/1.1" 200 413
::1 - - [22/Jan/2024:10:00:01 +0000] "POST /payments/complete HTTP/1.1" 200 64
::1 - - [22/Jan/2024:10:04:46 +0000] "POST /user/signin HTTP/1.1" 200 413
::1 - - [22/Jan/2024:10:04:52 +0000] "POST /payments/approve HTTP/1.1" 200 63
::1 - - [22/Jan/2024:10:05:16 +0000] "POST /payments/complete HTTP/1.1" 200 64
::1 - - [22/Jan/2024:10:06:38 +0000] "POST /user/signin HTTP/1.1" 200 413
::1 - - [22/Jan/2024:10:06:46 +0000] "POST /payments/approve HTTP/1.1" 200 63
::1 - - [22/Jan/2024:10:12:50 +0000] "POST /payments/incomplete HTTP/1.1" 401 45
::1 - - [22/Jan/2024:10:12:52 +0000] "POST /user/signin HTTP/1.1" 200 413
::1 - - [22/Jan/2024:10:12:54 +0000] "POST /payments/incomplete HTTP/1.1" 401 45
::1 - - [22/Jan/2024:10:13:05 +0000] "POST /payments/incomplete HTTP/1.1" 401 45
::1 - - [22/Jan/2024:10:13:20 +0000] "POST /payments/incomplete HTTP/1.1" 401 45
::1 - - [22/Jan/2024:10:13:21 +0000] "POST /user/signin HTTP/1.1" 200 413
::1 - - [22/Jan/2024:10:13:23 +0000] "POST /payments/incomplete HTTP/1.1" 401 45
::1 - - [22/Jan/2024:10:14:11 +0000] "POST /payments/incomplete HTTP/1.1" 401 45
::1 - - [22/Jan/2024:10:14:12 +0000] "POST /user/signin HTTP/1.1" 200 413
::1 - - [22/Jan/2024:10:14:14 +0000] "POST /payments/incomplete HTTP/1.1" 401 45
::1 - - [22/Jan/2024:10:14:22 +0000] "POST /payments/incomplete HTTP/1.1" 401 45
::1 - - [22/Jan/2024:10:14:44 +0000] "POST /payments/incomplete HTTP/1.1" 401 45
::1 - - [22/Jan/2024:10:14:45 +0000] "POST /user/signin HTTP/1.1" 200 413
::1 - - [22/Jan/2024:10:14:51 +0000] "POST /payments/incomplete HTTP/1.1" 401 45
::1 - - [22/Jan/2024:10:14:56 +0000] "POST /payments/incomplete HTTP/1.1" 401 45
::1 - - [22/Jan/2024:10:15:50 +0000] "POST /payments/incomplete HTTP/1.1" 400 29
::1 - - [22/Jan/2024:10:15:51 +0000] "POST /user/signin HTTP/1.1" 200 413
::1 - - [22/Jan/2024:10:15:53 +0000] "POST /payments/incomplete HTTP/1.1" 400 29
::1 - - [22/Jan/2024:10:41:30 +0000] "POST /payments/incomplete HTTP/1.1" 400 29
::1 - - [22/Jan/2024:10:41:31 +0000] "POST /user/signin HTTP/1.1" 200 413
::1 - - [22/Jan/2024:10:41:34 +0000] "POST /payments/incomplete HTTP/1.1" 400 29
::1 - - [22/Jan/2024:12:11:11 +0000] "POST /payments/incomplete HTTP/1.1" 400 29
::1 - - [22/Jan/2024:12:11:13 +0000] "POST /user/signin HTTP/1.1" 200 413
::1 - - [22/Jan/2024:12:11:16 +0000] "POST /payments/incomplete HTTP/1.1" 400 29
::1 - - [22/Jan/2024:12:36:32 +0000] "POST /payments/incomplete HTTP/1.1" 400 29
::1 - - [22/Jan/2024:12:36:33 +0000] "POST /user/signin HTTP/1.1" 200 413
::1 - - [22/Jan/2024:12:36:36 +0000] "POST /payments/incomplete HTTP/1.1" 400 29
::1 - - [22/Jan/2024:12:38:36 +0000] "POST /payments/incomplete HTTP/1.1" 400 29
::1 - - [22/Jan/2024:12:38:38 +0000] "POST /user/signin HTTP/1.1" 200 413
::1 - - [22/Jan/2024:12:38:42 +0000] "POST /payments/incomplete HTTP/1.1" 400 29
::1 - - [22/Jan/2024:12:45:03 +0000] "POST /payments/incomplete HTTP/1.1" 400 29
::1 - - [22/Jan/2024:12:45:04 +0000] "POST /user/signin HTTP/1.1" 200 413
::1 - - [22/Jan/2024:12:45:10 +0000] "POST /payments/incomplete HTTP/1.1" 400 29
::1 - - [22/Jan/2024:12:47:20 +0000] "POST /payments/incomplete HTTP/1.1" 400 29
::1 - - [22/Jan/2024:12:47:29 +0000] "POST /payments/incomplete HTTP/1.1" 400 29
::1 - - [22/Jan/2024:12:47:30 +0000] "POST /user/signin HTTP/1.1" 200 413
::1 - - [22/Jan/2024:12:47:32 +0000] "POST /payments/incomplete HTTP/1.1" 400 29
::1 - - [22/Jan/2024:12:47:38 +0000] "POST /payments/incomplete HTTP/1.1" 400 29
::1 - - [22/Jan/2024:12:49:17 +0000] "POST /payments/incomplete HTTP/1.1" 400 29
::1 - - [22/Jan/2024:12:49:18 +0000] "POST /user/signin HTTP/1.1" 200 413
::1 - - [22/Jan/2024:12:49:24 +0000] "POST /payments/incomplete HTTP/1.1" 400 29
::1 - - [22/Jan/2024:12:51:10 +0000] "POST /payments/incomplete HTTP/1.1" 400 29
::1 - - [22/Jan/2024:12:51:11 +0000] "POST /user/signin HTTP/1.1" 200 413
::1 - - [22/Jan/2024:12:51:18 +0000] "POST /payments/incomplete HTTP/1.1" 400 29
::1 - - [22/Jan/2024:12:55:21 +0000] "POST /payments/incomplete HTTP/1.1" 400 29
::1 - - [22/Jan/2024:12:55:21 +0000] "POST /user/signin HTTP/1.1" 200 413
::1 - - [22/Jan/2024:12:55:25 +0000] "POST /payments/incomplete HTTP/1.1" 400 29
::1 - - [22/Jan/2024:12:59:42 +0000] "GET /user/signout HTTP/1.1" 200 29
::1 - - [22/Jan/2024:13:01:16 +0000] "POST /payments/incomplete HTTP/1.1" 400 29
::1 - - [22/Jan/2024:13:01:18 +0000] "POST /user/signin HTTP/1.1" 200 413
::1 - - [22/Jan/2024:13:02:19 +0000] "POST /payments/incomplete HTTP/1.1" 400 29
::1 - - [22/Jan/2024:13:02:20 +0000] "POST /user/signin HTTP/1.1" 200 413
::1 - - [22/Jan/2024:13:02:21 +0000] "POST /payments/incomplete HTTP/1.1" 400 29
::1 - - [22/Jan/2024:13:02:21 +0000] "POST /user/signin HTTP/1.1" 200 413
::1 - - [22/Jan/2024:13:02:22 +0000] "POST /payments/incomplete HTTP/1.1" 400 29
::1 - - [22/Jan/2024:13:02:28 +0000] "POST /payments/incomplete HTTP/1.1" 400 29
::1 - - [22/Jan/2024:13:02:45 +0000] "POST /payments/incomplete HTTP/1.1" 400 29
::1 - - [22/Jan/2024:14:03:22 +0000] "POST /user/signin HTTP/1.1" 200 413
::1 - - [22/Jan/2024:14:03:23 +0000] "POST /payments/incomplete HTTP/1.1" 200 73
::1 - - [22/Jan/2024:14:03:29 +0000] "POST /payments/approve HTTP/1.1" 200 63
::1 - - [22/Jan/2024:14:04:42 +0000] "POST /payments/complete HTTP/1.1" 200 64
::1 - - [22/Jan/2024:14:05:40 +0000] "POST /user/signin HTTP/1.1" 200 413
::1 - - [22/Jan/2024:14:05:45 +0000] "POST /payments/approve HTTP/1.1" 200 63
::1 - - [22/Jan/2024:14:06:15 +0000] "POST /payments/complete HTTP/1.1" 200 64
::1 - - [22/Jan/2024:14:06:33 +0000] "POST /payments/approve HTTP/1.1" 200 63
::1 - - [22/Jan/2024:14:09:43 +0000] "POST /user/signin HTTP/1.1" 200 413
::1 - - [22/Jan/2024:14:09:50 +0000] "POST /payments/approve HTTP/1.1" 200 63
::1 - - [22/Jan/2024:14:10:30 +0000] "POST /payments/complete HTTP/1.1" 200 64
::1 - - [22/Jan/2024:14:10:41 +0000] "POST /payments/approve HTTP/1.1" 200 63
::1 - - [22/Jan/2024:14:14:43 +0000] "POST /user/signin HTTP/1.1" 200 413
::1 - - [22/Jan/2024:14:14:52 +0000] "POST /payments/approve HTTP/1.1" 200 63
::1 - - [22/Jan/2024:14:15:58 +0000] "POST /payments/complete HTTP/1.1" 200 64
::1 - - [22/Jan/2024:14:19:32 +0000] "POST /user/signin HTTP/1.1" 200 413
::1 - - [22/Jan/2024:14:19:37 +0000] "POST /payments/approve HTTP/1.1" 200 63
::1 - - [22/Jan/2024:14:19:56 +0000] "POST /payments/complete HTTP/1.1" 200 64
::1 - - [22/Jan/2024:14:26:22 +0000] "POST /user/signin HTTP/1.1" 200 413
::1 - - [22/Jan/2024:14:26:30 +0000] "POST /payments/approve HTTP/1.1" 200 63
::1 - - [22/Jan/2024:14:27:15 +0000] "POST /payments/complete HTTP/1.1" 200 64
::1 - - [22/Jan/2024:14:33:40 +0000] "POST /user/signin HTTP/1.1" 200 413
::1 - - [22/Jan/2024:14:33:44 +0000] "POST /user/signin HTTP/1.1" 200 413
::1 - - [22/Jan/2024:14:33:47 +0000] "POST /payments/approve HTTP/1.1" 200 63
::1 - - [22/Jan/2024:14:39:52 +0000] "POST /user/signin HTTP/1.1" 200 413
::1 - - [22/Jan/2024:14:39:53 +0000] "POST /payments/incomplete HTTP/1.1" 200 73
::1 - - [22/Jan/2024:14:40:18 +0000] "POST /payments/approve HTTP/1.1" 200 63
::1 - - [22/Jan/2024:14:42:53 +0000] "POST /payments/incomplete HTTP/1.1" 400 29
::1 - - [22/Jan/2024:14:42:57 +0000] "POST /user/signin HTTP/1.1" 200 413
::1 - - [22/Jan/2024:14:43:01 +0000] "POST /payments/incomplete HTTP/1.1" 400 29
::1 - - [22/Jan/2024:14:47:23 +0000] "POST /payments/incomplete HTTP/1.1" 400 29
::1 - - [22/Jan/2024:14:47:33 +0000] "POST /payments/incomplete HTTP/1.1" 400 29
::1 - - [22/Jan/2024:14:47:34 +0000] "POST /user/signin HTTP/1.1" 200 413
::1 - - [22/Jan/2024:14:47:36 +0000] "POST /payments/incomplete HTTP/1.1" 400 29
::1 - - [22/Jan/2024:14:49:27 +0000] "POST /user/signin HTTP/1.1" 200 413
::1 - - [22/Jan/2024:14:49:33 +0000] "POST /payments/incomplete HTTP/1.1" 200 73
::1 - - [22/Jan/2024:14:49:38 +0000] "POST /payments/approve HTTP/1.1" 200 63
::1 - - [22/Jan/2024:14:50:58 +0000] "POST /payments/cancelled_payment HTTP/1.1" 200 64
::1 - - [22/Jan/2024:14:51:10 +0000] "POST /user/signin HTTP/1.1" 200 413
::1 - - [22/Jan/2024:14:51:25 +0000] "POST /payments/approve HTTP/1.1" 200 63
::1 - - [22/Jan/2024:14:52:46 +0000] "POST /payments/cancelled_payment HTTP/1.1" 200 64
::1 - - [22/Jan/2024:14:53:01 +0000] "POST /user/signin HTTP/1.1" 200 413
::1 - - [22/Jan/2024:14:53:09 +0000] "POST /payments/approve HTTP/1.1" 200 63
::1 - - [22/Jan/2024:14:53:48 +0000] "POST /payments/complete HTTP/1.1" 200 64
::1 - - [22/Jan/2024:14:58:14 +0000] "POST /user/signin HTTP/1.1" 200 413
::1 - - [22/Jan/2024:14:58:25 +0000] "POST /payments/approve HTTP/1.1" 200 63
::1 - - [22/Jan/2024:15:01:12 +0000] "POST /payments/cancelled_payment HTTP/1.1" 200 64
::1 - - [22/Jan/2024:15:08:33 +0000] "POST /user/signin HTTP/1.1" 200 409
::1 - - [22/Jan/2024:15:08:36 +0000] "POST /user/signin HTTP/1.1" 200 409
::1 - - [22/Jan/2024:15:08:55 +0000] "POST /payments/approve HTTP/1.1" 200 63
::1 - - [22/Jan/2024:15:10:15 +0000] "POST /payments/complete HTTP/1.1" 200 64
::1 - - [22/Jan/2024:15:13:43 +0000] "POST /user/signin HTTP/1.1" 200 409
::1 - - [22/Jan/2024:15:13:57 +0000] "POST /payments/approve HTTP/1.1" 200 63
::1 - - [22/Jan/2024:15:14:43 +0000] "POST /payments/complete HTTP/1.1" 200 64
::1 - - [22/Jan/2024:15:15:11 +0000] "POST /payments/approve HTTP/1.1" 200 63
::1 - - [22/Jan/2024:15:15:41 +0000] "POST /payments/complete HTTP/1.1" 200 64
::1 - - [22/Jan/2024:15:15:58 +0000] "POST /payments/approve HTTP/1.1" 200 63
::1 - - [22/Jan/2024:15:16:28 +0000] "POST /payments/complete HTTP/1.1" 200 64
::1 - - [22/Jan/2024:15:25:42 +0000] "POST /user/signin HTTP/1.1" 200 410
::1 - - [22/Jan/2024:15:30:43 +0000] "POST /user/signin HTTP/1.1" 200 410
::1 - - [22/Jan/2024:15:31:03 +0000] "POST /payments/approve HTTP/1.1" 200 63
::1 - - [22/Jan/2024:15:31:56 +0000] "POST /user/signin HTTP/1.1" 200 410
::1 - - [22/Jan/2024:15:31:56 +0000] "GET /user/signout HTTP/1.1" 304 -
::1 - - [22/Jan/2024:15:32:01 +0000] "POST /user/signin HTTP/1.1" 200 410
::1 - - [22/Jan/2024:15:32:29 +0000] "POST /payments/approve HTTP/1.1" 200 63
::1 - - [22/Jan/2024:15:33:29 +0000] "POST /user/signin HTTP/1.1" 200 410
::1 - - [22/Jan/2024:15:33:49 +0000] "POST /payments/approve HTTP/1.1" 200 63
::1 - - [22/Jan/2024:15:36:02 +0000] "POST /user/signin HTTP/1.1" 200 409
::1 - - [22/Jan/2024:15:36:27 +0000] "POST /payments/approve HTTP/1.1" 200 63
::1 - - [22/Jan/2024:15:37:28 +0000] "POST /payments/complete HTTP/1.1" 200 64
::1 - - [22/Jan/2024:16:03:46 +0000] "POST /user/signin HTTP/1.1" 200 409
::1 - - [22/Jan/2024:16:06:21 +0000] "POST /user/signin HTTP/1.1" 200 409
::1 - - [22/Jan/2024:16:06:30 +0000] "POST /payments/approve HTTP/1.1" 200 63
::1 - - [22/Jan/2024:16:07:05 +0000] "POST /payments/complete HTTP/1.1" 200 64
::1 - - [22/Jan/2024:16:07:15 +0000] "POST /payments/approve HTTP/1.1" 200 63
::1 - - [29/Jan/2024:14:28:52 +0000] "POST /user/signin HTTP/1.1" 200 409
::1 - - [29/Jan/2024:14:30:38 +0000] "POST /user/signin HTTP/1.1" 200 409
::1 - - [29/Jan/2024:14:30:40 +0000] "POST /payments/incomplete HTTP/1.1" 200 73
::1 - - [29/Jan/2024:14:33:52 +0000] "POST /user/signin HTTP/1.1" 200 409
::1 - - [29/Jan/2024:14:38:01 +0000] "POST /user/signin HTTP/1.1" 200 409
::1 - - [29/Jan/2024:14:48:39 +0000] "POST /user/signin HTTP/1.1" 200 409
::1 - - [29/Jan/2024:14:48:44 +0000] "POST /user/signin HTTP/1.1" 200 409
::1 - - [29/Jan/2024:15:04:21 +0000] "POST /user/signin HTTP/1.1" 200 409
::1 - - [29/Jan/2024:15:04:37 +0000] "POST /user/signin HTTP/1.1" 200 409
::1 - - [29/Jan/2024:15:04:38 +0000] "POST /user/signin HTTP/1.1" 200 409
::1 - - [29/Jan/2024:15:06:17 +0000] "POST /user/signin HTTP/1.1" 200 409
::1 - - [29/Jan/2024:15:07:24 +0000] "POST /user/signin HTTP/1.1" 200 409
::1 - - [29/Jan/2024:15:08:08 +0000] "POST /user/signin HTTP/1.1" 200 409
::1 - - [29/Jan/2024:15:08:50 +0000] "POST /user/signin HTTP/1.1" 200 409
::1 - - [29/Jan/2024:15:10:11 +0000] "POST /user/signin HTTP/1.1" 200 409
::1 - - [29/Jan/2024:15:10:52 +0000] "POST /user/signin HTTP/1.1" 200 409
::1 - - [29/Jan/2024:15:16:04 +0000] "POST /user/signin HTTP/1.1" 200 409
::1 - - [29/Jan/2024:15:17:06 +0000] "POST /user/signin HTTP/1.1" 200 409
::1 - - [29/Jan/2024:15:30:46 +0000] "POST /user/signin HTTP/1.1" 200 409
::1 - - [29/Jan/2024:15:42:30 +0000] "POST /user/verify-token HTTP/1.1" 200 206
::1 - - [29/Jan/2024:15:42:30 +0000] "POST /user/verify-token HTTP/1.1" 200 206
::1 - - [29/Jan/2024:15:42:30 +0000] "POST /user/verify-token HTTP/1.1" 200 206
::1 - - [29/Jan/2024:15:42:30 +0000] "POST /user/verify-token HTTP/1.1" 200 206
::1 - - [29/Jan/2024:15:43:13 +0000] "POST /user/verify-token HTTP/1.1" 200 206
::1 - - [29/Jan/2024:15:43:13 +0000] "POST /user/verify-token HTTP/1.1" 200 206
::1 - - [29/Jan/2024:15:53:58 +0000] "POST /user/verify-token HTTP/1.1" 500 33
::1 - - [29/Jan/2024:15:53:58 +0000] "POST /user/verify-token HTTP/1.1" 500 33
::1 - - [29/Jan/2024:15:55:09 +0000] "POST /user/signin HTTP/1.1" 200 409
::1 - - [29/Jan/2024:15:55:35 +0000] "POST /user/verify-token HTTP/1.1" 200 206
::1 - - [29/Jan/2024:15:55:35 +0000] "POST /user/verify-token HTTP/1.1" 200 206
::1 - - [29/Jan/2024:15:55:37 +0000] "POST /user/signout HTTP/1.1" 404 152
::1 - - [29/Jan/2024:15:56:17 +0000] "POST /user/signin HTTP/1.1" 200 409
::1 - - [29/Jan/2024:16:34:39 +0000] "POST /user/verify-token HTTP/1.1" 500 33
::1 - - [29/Jan/2024:16:34:39 +0000] "POST /user/verify-token HTTP/1.1" 500 33
::1 - - [29/Jan/2024:16:38:31 +0000] "POST /user/signin HTTP/1.1" 200 409
::1 - - [29/Jan/2024:19:30:44 +0000] "POST /user/verify-token HTTP/1.1" 500 33
::1 - - [29/Jan/2024:19:30:44 +0000] "POST /user/verify-token HTTP/1.1" 500 33
::1 - - [29/Jan/2024:19:30:44 +0000] "POST /user/verify-token HTTP/1.1" 500 33
::1 - - [29/Jan/2024:19:30:44 +0000] "POST /user/verify-token HTTP/1.1" 500 33
::1 - - [29/Jan/2024:19:34:36 +0000] "POST /user/signin HTTP/1.1" 200 409
::1 - - [29/Jan/2024:19:41:31 +0000] "POST /user/signin HTTP/1.1" 200 409
::1 - - [29/Jan/2024:19:41:35 +0000] "POST /user/signin HTTP/1.1" 200 409
::1 - - [29/Jan/2024:22:48:31 +0000] "POST /user/signin HTTP/1.1" 200 409
::1 - - [29/Jan/2024:22:48:58 +0000] "POST /user/verify-token HTTP/1.1" 200 206
::1 - - [29/Jan/2024:22:48:58 +0000] "GET /transactions HTTP/1.1" 404 151
::1 - - [29/Jan/2024:22:48:58 +0000] "POST /user/verify-token HTTP/1.1" 200 206
::1 - - [29/Jan/2024:22:48:58 +0000] "POST /user/verify-token HTTP/1.1" 200 206
::1 - - [29/Jan/2024:22:48:58 +0000] "GET /transactions HTTP/1.1" 404 151
::1 - - [29/Jan/2024:22:48:58 +0000] "POST /user/verify-token HTTP/1.1" 200 206
::1 - - [29/Jan/2024:22:50:12 +0000] "GET /transactions HTTP/1.1" 404 151
::1 - - [29/Jan/2024:22:50:12 +0000] "GET /transactions HTTP/1.1" 404 151
::1 - - [29/Jan/2024:22:50:12 +0000] "POST /user/verify-token HTTP/1.1" 200 206
::1 - - [29/Jan/2024:22:50:12 +0000] "POST /user/verify-token HTTP/1.1" 200 206
::1 - - [29/Jan/2024:22:50:24 +0000] "GET /transactions HTTP/1.1" 404 151
::1 - - [29/Jan/2024:22:50:24 +0000] "GET /transactions HTTP/1.1" 404 151
::1 - - [29/Jan/2024:22:50:24 +0000] "POST /user/verify-token HTTP/1.1" 200 206
::1 - - [29/Jan/2024:22:50:24 +0000] "POST /user/verify-token HTTP/1.1" 200 206
::1 - - [29/Jan/2024:22:50:24 +0000] "POST /user/verify-token HTTP/1.1" 200 206
::1 - - [29/Jan/2024:22:50:24 +0000] "POST /user/verify-token HTTP/1.1" 200 206
::1 - - [29/Jan/2024:22:56:50 +0000] "POST /transactions HTTP/1.1" 401 45
::1 - - [29/Jan/2024:22:56:50 +0000] "POST /user/verify-token HTTP/1.1" 200 206
::1 - - [29/Jan/2024:22:56:50 +0000] "POST /transactions HTTP/1.1" 401 45
::1 - - [29/Jan/2024:22:56:50 +0000] "POST /user/verify-token HTTP/1.1" 200 206
::1 - - [29/Jan/2024:22:58:08 +0000] "POST /transactions HTTP/1.1" 401 45
::1 - - [29/Jan/2024:22:58:08 +0000] "POST /transactions HTTP/1.1" 401 45
::1 - - [29/Jan/2024:22:58:08 +0000] "POST /user/verify-token HTTP/1.1" 200 206
::1 - - [29/Jan/2024:22:58:08 +0000] "POST /user/verify-token HTTP/1.1" 200 206
::1 - - [29/Jan/2024:22:58:08 +0000] "POST /user/verify-token HTTP/1.1" 200 206
::1 - - [29/Jan/2024:22:58:08 +0000] "POST /user/verify-token HTTP/1.1" 200 206
::1 - - [29/Jan/2024:23:03:51 +0000] "POST /user/verify-token HTTP/1.1" 200 206
::1 - - [29/Jan/2024:23:03:51 +0000] "POST /user/verify-token HTTP/1.1" 200 206
::1 - - [29/Jan/2024:23:03:51 +0000] "POST /user/verify-token HTTP/1.1" 200 206
::1 - - [29/Jan/2024:23:03:51 +0000] "POST /transactions HTTP/1.1" 401 45
::1 - - [29/Jan/2024:23:03:51 +0000] "POST /transactions HTTP/1.1" 401 45
::1 - - [29/Jan/2024:23:03:51 +0000] "POST /user/verify-token HTTP/1.1" 200 206
::1 - - [29/Jan/2024:23:06:30 +0000] "POST /transactions HTTP/1.1" 401 45
::1 - - [29/Jan/2024:23:06:30 +0000] "POST /user/verify-token HTTP/1.1" 200 206
::1 - - [29/Jan/2024:23:06:30 +0000] "POST /user/verify-token HTTP/1.1" 200 206
::1 - - [29/Jan/2024:23:06:30 +0000] "POST /transactions HTTP/1.1" 401 45
::1 - - [29/Jan/2024:23:09:39 +0000] "POST /user/verify-token HTTP/1.1" 500 33
::1 - - [29/Jan/2024:23:09:39 +0000] "POST /user/verify-token HTTP/1.1" 500 33
::1 - - [29/Jan/2024:23:09:39 +0000] "POST /transactions HTTP/1.1" 401 45
::1 - - [29/Jan/2024:23:09:39 +0000] "POST /user/verify-token HTTP/1.1" 500 33
::1 - - [29/Jan/2024:23:09:39 +0000] "POST /user/verify-token HTTP/1.1" 500 33
::1 - - [29/Jan/2024:23:09:39 +0000] "POST /transactions HTTP/1.1" 401 45
::1 - - [29/Jan/2024:23:11:37 +0000] "POST /user/signin HTTP/1.1" 200 409
::1 - - [29/Jan/2024:23:12:47 +0000] "POST /transactions HTTP/1.1" 401 45
::1 - - [29/Jan/2024:23:12:47 +0000] "POST /user/verify-token HTTP/1.1" 200 206
::1 - - [29/Jan/2024:23:12:47 +0000] "POST /user/verify-token HTTP/1.1" 200 206
::1 - - [29/Jan/2024:23:12:47 +0000] "POST /transactions HTTP/1.1" 401 45
::1 - - [29/Jan/2024:23:12:47 +0000] "POST /user/verify-token HTTP/1.1" 200 206
::1 - - [29/Jan/2024:23:12:47 +0000] "POST /user/verify-token HTTP/1.1" 200 206
::1 - - [29/Jan/2024:23:16:43 +0000] "POST /user/verify-token HTTP/1.1" 200 206
::1 - - [29/Jan/2024:23:16:43 +0000] "POST /transactions HTTP/1.1" 401 45
::1 - - [29/Jan/2024:23:16:43 +0000] "POST /transactions HTTP/1.1" 401 45
::1 - - [29/Jan/2024:23:16:43 +0000] "POST /user/verify-token HTTP/1.1" 200 206
::1 - - [29/Jan/2024:23:16:43 +0000] "POST /user/verify-token HTTP/1.1" 200 206
::1 - - [29/Jan/2024:23:16:44 +0000] "POST /user/verify-token HTTP/1.1" 200 206
::1 - - [29/Jan/2024:23:21:20 +0000] "POST /transactions HTTP/1.1" 401 45
::1 - - [29/Jan/2024:23:21:20 +0000] "POST /user/verify-token HTTP/1.1" 200 206
::1 - - [29/Jan/2024:23:21:20 +0000] "POST /transactions HTTP/1.1" 401 45
::1 - - [29/Jan/2024:23:21:20 +0000] "POST /user/verify-token HTTP/1.1" 200 206
::1 - - [29/Jan/2024:23:22:55 +0000] "POST /transactions HTTP/1.1" 401 45
::1 - - [29/Jan/2024:23:22:55 +0000] "POST /transactions HTTP/1.1" 401 45
::1 - - [29/Jan/2024:23:22:55 +0000] "POST /user/verify-token HTTP/1.1" 200 206
::1 - - [29/Jan/2024:23:22:55 +0000] "POST /user/verify-token HTTP/1.1" 200 206
::1 - - [29/Jan/2024:23:23:12 +0000] "POST /transactions HTTP/1.1" 401 45
::1 - - [29/Jan/2024:23:23:12 +0000] "POST /transactions HTTP/1.1" 401 45
::1 - - [29/Jan/2024:23:23:12 +0000] "POST /user/verify-token HTTP/1.1" 200 206
::1 - - [29/Jan/2024:23:23:12 +0000] "POST /user/verify-token HTTP/1.1" 200 206
::1 - - [29/Jan/2024:23:23:12 +0000] "POST /user/verify-token HTTP/1.1" 200 206
::1 - - [29/Jan/2024:23:23:12 +0000] "POST /user/verify-token HTTP/1.1" 200 206
::1 - - [29/Jan/2024:23:26:20 +0000] "POST /user/verify-token HTTP/1.1" 200 206
::1 - - [29/Jan/2024:23:26:20 +0000] "POST /user/verify-token HTTP/1.1" 200 206
::1 - - [29/Jan/2024:23:27:16 +0000] "POST /user/verify-token HTTP/1.1" 200 206
::1 - - [29/Jan/2024:23:27:16 +0000] "POST /user/verify-token HTTP/1.1" 200 206
::1 - - [29/Jan/2024:23:27:16 +0000] "POST /user/verify-token HTTP/1.1" 200 206
::1 - - [29/Jan/2024:23:27:16 +0000] "POST /user/verify-token HTTP/1.1" 200 206
::1 - - [29/Jan/2024:23:31:39 +0000] "POST /user/verify-token HTTP/1.1" 404 157
::1 - - [29/Jan/2024:23:31:39 +0000] "POST /user/verify-token HTTP/1.1" 404 157
::1 - - [29/Jan/2024:23:31:39 +0000] "POST /user/verify-token HTTP/1.1" 404 157
::1 - - [29/Jan/2024:23:31:39 +0000] "POST /user/verify-token HTTP/1.1" 404 157
::1 - - [29/Jan/2024:23:31:55 +0000] "POST /user/signin HTTP/1.1" 200 409
::1 - - [30/Jan/2024:05:29:21 +0000] "POST /user/verify-token HTTP/1.1" 500 33
::1 - - [30/Jan/2024:05:29:21 +0000] "POST /user/verify-token HTTP/1.1" 500 33
::1 - - [30/Jan/2024:05:29:21 +0000] "POST /transactions HTTP/1.1" 401 45
::1 - - [30/Jan/2024:05:29:21 +0000] "POST /user/verify-token HTTP/1.1" 500 33
::1 - - [30/Jan/2024:05:29:21 +0000] "POST /user/verify-token HTTP/1.1" 500 33
::1 - - [30/Jan/2024:05:29:21 +0000] "POST /transactions HTTP/1.1" 401 45
::1 - - [30/Jan/2024:05:32:05 +0000] "POST /transactions HTTP/1.1" 401 45
::1 - - [30/Jan/2024:05:32:05 +0000] "POST /transactions HTTP/1.1" 401 45
::1 - - [30/Jan/2024:05:32:16 +0000] "POST /user/signin HTTP/1.1" 200 409
::1 - - [30/Jan/2024:05:34:05 +0000] "POST /user/verify-token HTTP/1.1" 200 206
::1 - - [30/Jan/2024:05:34:05 +0000] "POST /user/verify-token HTTP/1.1" 200 206
::1 - - [30/Jan/2024:05:34:05 +0000] "POST /user/verify-token HTTP/1.1" 200 206
::1 - - [30/Jan/2024:05:34:05 +0000] "POST /user/verify-token HTTP/1.1" 200 206
::1 - - [30/Jan/2024:05:36:26 +0000] "POST /user/verify-token HTTP/1.1" 200 206
::1 - - [30/Jan/2024:05:36:26 +0000] "POST /transactions HTTP/1.1" 401 45
::1 - - [30/Jan/2024:05:36:26 +0000] "POST /user/verify-token HTTP/1.1" 200 206
::1 - - [30/Jan/2024:05:36:26 +0000] "POST /transactions HTTP/1.1" 401 45
::1 - - [30/Jan/2024:05:36:35 +0000] "POST /user/verify-token HTTP/1.1" 200 206
::1 - - [30/Jan/2024:05:36:35 +0000] "POST /transactions HTTP/1.1" 401 45
::1 - - [30/Jan/2024:05:36:35 +0000] "POST /transactions HTTP/1.1" 401 45
::1 - - [30/Jan/2024:05:36:35 +0000] "POST /user/verify-token HTTP/1.1" 200 206
::1 - - [30/Jan/2024:05:37:10 +0000] "POST /user/verify-token HTTP/1.1" 200 206
::1 - - [30/Jan/2024:05:37:10 +0000] "POST /transactions HTTP/1.1" 401 45
::1 - - [30/Jan/2024:05:37:10 +0000] "POST /user/verify-token HTTP/1.1" 200 206
::1 - - [30/Jan/2024:05:37:10 +0000] "POST /transactions HTTP/1.1" 401 45
::1 - - [30/Jan/2024:05:37:43 +0000] "POST /user/verify-token HTTP/1.1" 200 206
::1 - - [30/Jan/2024:05:37:43 +0000] "POST /user/verify-token HTTP/1.1" 200 206
::1 - - [30/Jan/2024:05:37:44 +0000] "POST /user/verify-token HTTP/1.1" 200 206
::1 - - [30/Jan/2024:05:37:44 +0000] "POST /user/verify-token HTTP/1.1" 200 206
::1 - - [30/Jan/2024:05:38:11 +0000] "POST /transactions HTTP/1.1" 401 45
::1 - - [30/Jan/2024:05:40:19 +0000] "POST /user/verify-token HTTP/1.1" 200 206
::1 - - [30/Jan/2024:05:40:19 +0000] "POST /transactions HTTP/1.1" 401 45
::1 - - [30/Jan/2024:05:40:19 +0000] "POST /user/verify-token HTTP/1.1" 200 206
::1 - - [30/Jan/2024:05:40:19 +0000] "POST /transactions HTTP/1.1" 401 45
::1 - - [30/Jan/2024:05:40:51 +0000] "POST /user/verify-token HTTP/1.1" 200 206
::1 - - [30/Jan/2024:05:40:51 +0000] "POST /user/verify-token HTTP/1.1" 200 206
::1 - - [30/Jan/2024:05:40:51 +0000] "POST /user/verify-token HTTP/1.1" 200 206
::1 - - [30/Jan/2024:05:40:51 +0000] "POST /user/verify-token HTTP/1.1" 200 206
::1 - - [30/Jan/2024:05:41:03 +0000] "POST /transactions HTTP/1.1" 401 45
::1 - - [30/Jan/2024:05:46:27 +0000] "POST /user/verify-token HTTP/1.1" 200 206
::1 - - [30/Jan/2024:05:46:27 +0000] "POST /user/verify-token HTTP/1.1" 200 206
::1 - - [30/Jan/2024:05:46:27 +0000] "POST /transactions HTTP/1.1" 200 2893
::1 - - [30/Jan/2024:05:46:27 +0000] "POST /transactions HTTP/1.1" 200 2893
::1 - - [30/Jan/2024:05:49:21 +0000] "POST /user/verify-token HTTP/1.1" 200 206
::1 - - [30/Jan/2024:05:49:21 +0000] "POST /user/verify-token HTTP/1.1" 200 206
::1 - - [30/Jan/2024:05:49:21 +0000] "POST /user/verify-token HTTP/1.1" 200 206
::1 - - [30/Jan/2024:05:49:21 +0000] "POST /user/verify-token HTTP/1.1" 200 206
::1 - - [30/Jan/2024:05:49:33 +0000] "POST /transactions HTTP/1.1" 200 2893
::1 - - [30/Jan/2024:05:58:40 +0000] "POST /user/verify-token HTTP/1.1" 500 33
::1 - - [30/Jan/2024:05:58:40 +0000] "POST /user/verify-token HTTP/1.1" 500 33
::1 - - [30/Jan/2024:05:58:40 +0000] "POST /user/verify-token HTTP/1.1" 500 33
::1 - - [30/Jan/2024:05:58:40 +0000] "POST /user/verify-token HTTP/1.1" 500 33
::1 - - [30/Jan/2024:05:58:52 +0000] "POST /user/signin HTTP/1.1" 200 409
::1 - - [30/Jan/2024:05:59:35 +0000] "POST /user/verify-token HTTP/1.1" 200 206
::1 - - [30/Jan/2024:05:59:35 +0000] "POST /user/verify-token HTTP/1.1" 200 206
::1 - - [30/Jan/2024:05:59:35 +0000] "POST /user/verify-token HTTP/1.1" 200 206
::1 - - [30/Jan/2024:05:59:35 +0000] "POST /user/verify-token HTTP/1.1" 200 206
::1 - - [30/Jan/2024:05:59:54 +0000] "POST /user/verify-token HTTP/1.1" 200 206
::1 - - [30/Jan/2024:05:59:54 +0000] "POST /user/verify-token HTTP/1.1" 200 206
::1 - - [30/Jan/2024:05:59:54 +0000] "POST /user/verify-token HTTP/1.1" 200 206
::1 - - [30/Jan/2024:05:59:54 +0000] "POST /user/verify-token HTTP/1.1" 200 206
::1 - - [30/Jan/2024:06:02:05 +0000] "POST /user/verify-token HTTP/1.1" 200 206
::1 - - [30/Jan/2024:06:02:05 +0000] "POST /user/verify-token HTTP/1.1" 200 206
::1 - - [30/Jan/2024:06:02:05 +0000] "POST /user/verify-token HTTP/1.1" 200 206
::1 - - [30/Jan/2024:06:02:05 +0000] "POST /user/verify-token HTTP/1.1" 200 206
::1 - - [30/Jan/2024:06:04:02 +0000] "POST /transactions HTTP/1.1" 200 2893
::1 - - [30/Jan/2024:06:04:20 +0000] "POST /user/verify-token HTTP/1.1" 200 206
::1 - - [30/Jan/2024:06:04:20 +0000] "POST /user/verify-token HTTP/1.1" 200 206
::1 - - [30/Jan/2024:06:04:20 +0000] "POST /user/verify-token HTTP/1.1" 200 206
::1 - - [30/Jan/2024:06:04:20 +0000] "POST /user/verify-token HTTP/1.1" 200 206
::1 - - [30/Jan/2024:06:06:33 +0000] "POST /user/verify-token HTTP/1.1" 200 206
::1 - - [30/Jan/2024:06:06:33 +0000] "POST /user/verify-token HTTP/1.1" 200 206
::1 - - [30/Jan/2024:06:06:33 +0000] "POST /user/verify-token HTTP/1.1" 200 206
::1 - - [30/Jan/2024:06:06:33 +0000] "POST /user/verify-token HTTP/1.1" 200 206
::1 - - [30/Jan/2024:06:08:57 +0000] "POST /user/verify-token HTTP/1.1" 200 206
::1 - - [30/Jan/2024:06:08:57 +0000] "POST /user/verify-token HTTP/1.1" 200 206
::1 - - [30/Jan/2024:06:08:57 +0000] "POST /user/verify-token HTTP/1.1" 200 206
::1 - - [30/Jan/2024:06:08:57 +0000] "POST /user/verify-token HTTP/1.1" 200 206
::1 - - [30/Jan/2024:06:09:24 +0000] "POST /user/verify-token HTTP/1.1" 200 206
::1 - - [30/Jan/2024:06:09:24 +0000] "POST /user/verify-token HTTP/1.1" 200 206
::1 - - [30/Jan/2024:06:09:24 +0000] "POST /user/verify-token HTTP/1.1" 200 206
::1 - - [30/Jan/2024:06:09:24 +0000] "POST /user/verify-token HTTP/1.1" 200 206
::1 - - [30/Jan/2024:06:11:38 +0000] "POST /user/verify-token HTTP/1.1" 200 206
::1 - - [30/Jan/2024:06:11:38 +0000] "POST /user/verify-token HTTP/1.1" 200 206
::1 - - [30/Jan/2024:06:11:38 +0000] "POST /user/verify-token HTTP/1.1" 200 206
::1 - - [30/Jan/2024:06:11:38 +0000] "POST /user/verify-token HTTP/1.1" 200 206
::1 - - [30/Jan/2024:06:12:23 +0000] "POST /user/verify-token HTTP/1.1" 200 206
::1 - - [30/Jan/2024:06:12:23 +0000] "POST /user/verify-token HTTP/1.1" 200 206
::1 - - [30/Jan/2024:06:12:23 +0000] "POST /user/verify-token HTTP/1.1" 200 206
::1 - - [30/Jan/2024:06:12:23 +0000] "POST /user/verify-token HTTP/1.1" 200 206
::1 - - [30/Jan/2024:06:12:23 +0000] "POST /transactions HTTP/1.1" 200 2893
::1 - - [30/Jan/2024:06:12:23 +0000] "POST /transactions HTTP/1.1" 200 2893
::1 - - [30/Jan/2024:06:12:50 +0000] "POST /user/signout HTTP/1.1" 404 152
::1 - - [30/Jan/2024:06:13:54 +0000] "POST /user/signin HTTP/1.1" 200 409
::1 - - [30/Jan/2024:06:14:55 +0000] "POST /user/verify-token HTTP/1.1" 200 206
::1 - - [30/Jan/2024:06:14:55 +0000] "POST /transactions HTTP/1.1" 200 2893
::1 - - [30/Jan/2024:06:14:55 +0000] "POST /user/verify-token HTTP/1.1" 200 206
::1 - - [30/Jan/2024:06:14:55 +0000] "POST /transactions HTTP/1.1" 200 2893
::1 - - [30/Jan/2024:06:14:55 +0000] "POST /transactions HTTP/1.1" 200 2893
::1 - - [30/Jan/2024:06:14:56 +0000] "POST /transactions HTTP/1.1" 200 2893
::1 - - [30/Jan/2024:06:14:59 +0000] "POST /user/signout HTTP/1.1" 404 152
::1 - - [30/Jan/2024:06:16:35 +0000] "POST /user/signin HTTP/1.1" 200 409
::1 - - [30/Jan/2024:06:16:51 +0000] "POST /user/verify-token HTTP/1.1" 200 206
::1 - - [30/Jan/2024:06:16:51 +0000] "POST /user/verify-token HTTP/1.1" 200 206
::1 - - [30/Jan/2024:06:16:51 +0000] "POST /user/verify-token HTTP/1.1" 200 206
::1 - - [30/Jan/2024:06:16:51 +0000] "POST /user/verify-token HTTP/1.1" 200 206
::1 - - [30/Jan/2024:06:16:51 +0000] "POST /transactions HTTP/1.1" 200 2893
::1 - - [30/Jan/2024:06:16:51 +0000] "POST /transactions HTTP/1.1" 200 2893
::1 - - [30/Jan/2024:06:16:51 +0000] "POST /transactions HTTP/1.1" 200 2893
::1 - - [30/Jan/2024:06:16:51 +0000] "POST /transactions HTTP/1.1" 200 2893
::1 - - [30/Jan/2024:06:16:51 +0000] "POST /transactions HTTP/1.1" 200 2893
::1 - - [30/Jan/2024:06:16:51 +0000] "POST /transactions HTTP/1.1" 200 2893
::1 - - [30/Jan/2024:06:22:14 +0000] "POST /user/verify-token HTTP/1.1" 200 206
::1 - - [30/Jan/2024:06:22:14 +0000] "POST /user/verify-token HTTP/1.1" 200 206
::1 - - [30/Jan/2024:06:22:14 +0000] "POST /user/verify-token HTTP/1.1" 200 206
::1 - - [30/Jan/2024:06:22:14 +0000] "POST /transactions HTTP/1.1" 200 2893
::1 - - [30/Jan/2024:06:22:14 +0000] "POST /user/verify-token HTTP/1.1" 200 206
::1 - - [30/Jan/2024:06:22:14 +0000] "POST /transactions HTTP/1.1" 200 2893
::1 - - [30/Jan/2024:06:22:14 +0000] "POST /transactions HTTP/1.1" 200 2893
::1 - - [30/Jan/2024:06:22:14 +0000] "POST /transactions HTTP/1.1" 200 2893
::1 - - [30/Jan/2024:06:22:14 +0000] "POST /transactions HTTP/1.1" 200 2893
::1 - - [30/Jan/2024:06:22:14 +0000] "POST /transactions HTTP/1.1" 200 2893
::1 - - [30/Jan/2024:06:33:15 +0000] "POST /user/verify-token HTTP/1.1" 200 206
::1 - - [30/Jan/2024:06:33:15 +0000] "POST /user/verify-token HTTP/1.1" 200 206
::1 - - [30/Jan/2024:06:33:15 +0000] "POST /transactions HTTP/1.1" 200 2893
::1 - - [30/Jan/2024:06:33:15 +0000] "POST /user/verify-token HTTP/1.1" 200 206
::1 - - [30/Jan/2024:06:33:15 +0000] "POST /user/verify-token HTTP/1.1" 200 206
::1 - - [30/Jan/2024:06:33:15 +0000] "POST /transactions HTTP/1.1" 200 2893
::1 - - [30/Jan/2024:06:33:15 +0000] "POST /transactions HTTP/1.1" 200 2893
::1 - - [30/Jan/2024:06:33:16 +0000] "POST /transactions HTTP/1.1" 200 2893
::1 - - [30/Jan/2024:06:33:16 +0000] "POST /transactions HTTP/1.1" 200 2893
::1 - - [30/Jan/2024:06:33:16 +0000] "POST /transactions HTTP/1.1" 200 2893
::1 - - [30/Jan/2024:06:42:36 +0000] "POST /user/verify-token HTTP/1.1" 500 33
::1 - - [30/Jan/2024:06:42:36 +0000] "POST /user/verify-token HTTP/1.1" 500 33
::1 - - [30/Jan/2024:06:42:36 +0000] "POST /transactions HTTP/1.1" 401 64
::1 - - [30/Jan/2024:06:42:36 +0000] "POST /user/verify-token HTTP/1.1" 500 33
::1 - - [30/Jan/2024:06:42:36 +0000] "POST /user/verify-token HTTP/1.1" 500 33
::1 - - [30/Jan/2024:06:42:36 +0000] "POST /transactions HTTP/1.1" 401 64
::1 - - [30/Jan/2024:06:42:48 +0000] "POST /user/signin HTTP/1.1" 200 409
::1 - - [30/Jan/2024:06:42:57 +0000] "POST /user/verify-token HTTP/1.1" 200 206
::1 - - [30/Jan/2024:06:42:57 +0000] "POST /user/verify-token HTTP/1.1" 200 206
::1 - - [30/Jan/2024:06:42:57 +0000] "POST /transactions HTTP/1.1" 200 2853
::1 - - [30/Jan/2024:06:42:57 +0000] "POST /user/verify-token HTTP/1.1" 200 206
::1 - - [30/Jan/2024:06:42:57 +0000] "POST /user/verify-token HTTP/1.1" 200 206
::1 - - [30/Jan/2024:06:42:57 +0000] "POST /transactions HTTP/1.1" 200 2853
::1 - - [30/Jan/2024:06:42:57 +0000] "POST /transactions HTTP/1.1" 200 2853
::1 - - [30/Jan/2024:06:42:57 +0000] "POST /transactions HTTP/1.1" 200 2853
::1 - - [30/Jan/2024:06:42:57 +0000] "POST /transactions HTTP/1.1" 200 2853
::1 - - [30/Jan/2024:06:42:57 +0000] "POST /transactions HTTP/1.1" 200 2853
::1 - - [30/Jan/2024:06:55:53 +0000] "POST /user/verify-token HTTP/1.1" 200 206
::1 - - [30/Jan/2024:06:55:53 +0000] "POST /user/verify-token HTTP/1.1" 200 206
::1 - - [30/Jan/2024:06:55:53 +0000] "POST /transactions HTTP/1.1" 200 2853
::1 - - [30/Jan/2024:06:55:53 +0000] "POST /transactions HTTP/1.1" 200 2853
::1 - - [30/Jan/2024:06:55:53 +0000] "POST /transactions HTTP/1.1" 200 2853
::1 - - [30/Jan/2024:06:55:53 +0000] "POST /transactions HTTP/1.1" 200 2853
::1 - - [30/Jan/2024:06:56:05 +0000] "POST /user/verify-token HTTP/1.1" 200 206
::1 - - [30/Jan/2024:06:56:05 +0000] "POST /user/verify-token HTTP/1.1" 200 206
::1 - - [30/Jan/2024:06:56:05 +0000] "POST /transactions HTTP/1.1" 200 2853
::1 - - [30/Jan/2024:06:56:05 +0000] "POST /transactions HTTP/1.1" 200 2853
::1 - - [30/Jan/2024:06:56:05 +0000] "POST /transactions HTTP/1.1" 200 2853
::1 - - [30/Jan/2024:06:56:05 +0000] "POST /transactions HTTP/1.1" 200 2853
::1 - - [30/Jan/2024:06:56:19 +0000] "POST /user/signout HTTP/1.1" 404 152
::1 - - [30/Jan/2024:06:56:45 +0000] "POST /user/signin HTTP/1.1" 200 409
::1 - - [30/Jan/2024:06:56:45 +0000] "POST /transactions HTTP/1.1" 200 2853
::1 - - [30/Jan/2024:07:06:38 +0000] "POST /user/verify-token HTTP/1.1" 200 206
::1 - - [30/Jan/2024:07:06:38 +0000] "POST /user/verify-token HTTP/1.1" 200 206
::1 - - [30/Jan/2024:07:06:38 +0000] "POST /transactions HTTP/1.1" 200 2853
::1 - - [30/Jan/2024:07:06:38 +0000] "POST /transactions HTTP/1.1" 200 2853
::1 - - [30/Jan/2024:07:06:38 +0000] "POST /transactions HTTP/1.1" 200 2853
::1 - - [30/Jan/2024:07:06:38 +0000] "POST /transactions HTTP/1.1" 200 2853
::1 - - [30/Jan/2024:07:07:01 +0000] "POST /user/verify-token HTTP/1.1" 200 206
::1 - - [30/Jan/2024:07:07:01 +0000] "POST /user/verify-token HTTP/1.1" 200 206
::1 - - [30/Jan/2024:07:07:01 +0000] "POST /transactions HTTP/1.1" 200 2853
::1 - - [30/Jan/2024:07:07:01 +0000] "POST /transactions HTTP/1.1" 200 2853
::1 - - [30/Jan/2024:07:07:01 +0000] "POST /transactions HTTP/1.1" 200 2853
::1 - - [30/Jan/2024:07:07:01 +0000] "POST /transactions HTTP/1.1" 200 2853
::1 - - [30/Jan/2024:07:07:37 +0000] "POST /user/verify-token HTTP/1.1" 200 206
::1 - - [30/Jan/2024:07:07:37 +0000] "POST /user/verify-token HTTP/1.1" 200 206
::1 - - [30/Jan/2024:07:07:37 +0000] "POST /user/verify-token HTTP/1.1" 200 206
::1 - - [30/Jan/2024:07:07:37 +0000] "POST /transactions HTTP/1.1" 200 2853
::1 - - [30/Jan/2024:07:07:37 +0000] "POST /user/verify-token HTTP/1.1" 200 206
::1 - - [30/Jan/2024:07:07:37 +0000] "POST /transactions HTTP/1.1" 200 2853
::1 - - [30/Jan/2024:07:07:37 +0000] "POST /transactions HTTP/1.1" 200 2853
::1 - - [30/Jan/2024:07:07:38 +0000] "POST /transactions HTTP/1.1" 200 2853
::1 - - [30/Jan/2024:07:07:38 +0000] "POST /transactions HTTP/1.1" 200 2853
::1 - - [30/Jan/2024:07:07:38 +0000] "POST /transactions HTTP/1.1" 200 2853
::1 - - [30/Jan/2024:07:08:39 +0000] "POST /user/verify-token HTTP/1.1" 200 206
::1 - - [30/Jan/2024:07:08:39 +0000] "POST /user/verify-token HTTP/1.1" 200 206
::1 - - [30/Jan/2024:07:08:39 +0000] "POST /user/verify-token HTTP/1.1" 200 206
::1 - - [30/Jan/2024:07:08:39 +0000] "POST /user/verify-token HTTP/1.1" 200 206
::1 - - [30/Jan/2024:07:08:39 +0000] "POST /transactions HTTP/1.1" 200 2853
::1 - - [30/Jan/2024:07:08:39 +0000] "POST /transactions HTTP/1.1" 200 2853
::1 - - [30/Jan/2024:07:08:39 +0000] "POST /transactions HTTP/1.1" 200 2853
::1 - - [30/Jan/2024:07:08:39 +0000] "POST /transactions HTTP/1.1" 200 2853
::1 - - [30/Jan/2024:07:08:39 +0000] "POST /transactions HTTP/1.1" 200 2853
::1 - - [30/Jan/2024:07:08:40 +0000] "POST /transactions HTTP/1.1" 200 2853
::1 - - [30/Jan/2024:07:15:17 +0000] "POST /user/verify-token HTTP/1.1" 200 206
::1 - - [30/Jan/2024:07:15:17 +0000] "POST /user/verify-token HTTP/1.1" 200 206
::1 - - [30/Jan/2024:07:15:17 +0000] "POST /user/verify-token HTTP/1.1" 200 206
::1 - - [30/Jan/2024:07:15:17 +0000] "POST /user/verify-token HTTP/1.1" 200 206
::1 - - [30/Jan/2024:07:15:17 +0000] "POST /transactions HTTP/1.1" 200 2853
::1 - - [30/Jan/2024:07:15:17 +0000] "POST /transactions HTTP/1.1" 200 2853
::1 - - [30/Jan/2024:07:15:17 +0000] "POST /transactions HTTP/1.1" 200 2853
::1 - - [30/Jan/2024:07:15:17 +0000] "POST /transactions HTTP/1.1" 200 2853
::1 - - [30/Jan/2024:07:15:17 +0000] "POST /transactions HTTP/1.1" 200 2853
::1 - - [30/Jan/2024:07:15:17 +0000] "POST /transactions HTTP/1.1" 200 2853
::1 - - [30/Jan/2024:07:18:16 +0000] "POST /user/verify-token HTTP/1.1" 500 33
::1 - - [30/Jan/2024:07:18:16 +0000] "POST /user/verify-token HTTP/1.1" 500 33
::1 - - [30/Jan/2024:07:18:16 +0000] "POST /transactions HTTP/1.1" 401 64
::1 - - [30/Jan/2024:07:18:16 +0000] "POST /user/verify-token HTTP/1.1" 500 33
::1 - - [30/Jan/2024:07:18:16 +0000] "POST /user/verify-token HTTP/1.1" 500 33
::1 - - [30/Jan/2024:07:18:16 +0000] "POST /transactions HTTP/1.1" 401 64
::1 - - [30/Jan/2024:07:18:57 +0000] "POST /user/signin HTTP/1.1" 200 409
::1 - - [30/Jan/2024:07:18:57 +0000] "POST /transactions HTTP/1.1" 200 2853
::1 - - [30/Jan/2024:07:34:12 +0000] "POST /user/verify-token HTTP/1.1" 200 206
::1 - - [30/Jan/2024:07:34:12 +0000] "POST /user/verify-token HTTP/1.1" 200 206
::1 - - [30/Jan/2024:07:34:12 +0000] "POST /user/verify-token HTTP/1.1" 200 206
::1 - - [30/Jan/2024:07:34:13 +0000] "POST /transactions HTTP/1.1" 200 2853
::1 - - [30/Jan/2024:07:34:13 +0000] "POST /transactions HTTP/1.1" 200 2853
::1 - - [30/Jan/2024:07:34:13 +0000] "POST /user/verify-token HTTP/1.1" 200 206
::1 - - [30/Jan/2024:07:34:13 +0000] "POST /transactions HTTP/1.1" 200 2853
::1 - - [30/Jan/2024:07:34:13 +0000] "POST /transactions HTTP/1.1" 200 2853
::1 - - [30/Jan/2024:07:34:13 +0000] "POST /transactions HTTP/1.1" 200 2853
::1 - - [30/Jan/2024:07:34:13 +0000] "POST /transactions HTTP/1.1" 200 2853
::1 - - [30/Jan/2024:07:35:00 +0000] "POST /user/verify-token HTTP/1.1" 200 206
::1 - - [30/Jan/2024:07:35:00 +0000] "POST /user/verify-token HTTP/1.1" 200 206
::1 - - [30/Jan/2024:07:35:00 +0000] "POST /user/verify-token HTTP/1.1" 200 206
::1 - - [30/Jan/2024:07:35:00 +0000] "POST /user/verify-token HTTP/1.1" 200 206
::1 - - [30/Jan/2024:07:35:00 +0000] "POST /transactions HTTP/1.1" 200 2853
::1 - - [30/Jan/2024:07:35:00 +0000] "POST /transactions HTTP/1.1" 200 2853
::1 - - [30/Jan/2024:07:35:00 +0000] "POST /transactions HTTP/1.1" 200 2853
::1 - - [30/Jan/2024:07:35:00 +0000] "POST /transactions HTTP/1.1" 200 2853
::1 - - [30/Jan/2024:07:35:00 +0000] "POST /transactions HTTP/1.1" 200 2853
::1 - - [30/Jan/2024:07:35:00 +0000] "POST /transactions HTTP/1.1" 200 2853
::1 - - [30/Jan/2024:07:37:09 +0000] "POST /user/verify-token HTTP/1.1" 200 206
::1 - - [30/Jan/2024:07:37:09 +0000] "POST /user/verify-token HTTP/1.1" 200 206
::1 - - [30/Jan/2024:07:37:09 +0000] "POST /transactions HTTP/1.1" 200 2853
::1 - - [30/Jan/2024:07:37:09 +0000] "POST /transactions HTTP/1.1" 200 2853
::1 - - [30/Jan/2024:07:37:09 +0000] "POST /transactions HTTP/1.1" 200 2853
::1 - - [30/Jan/2024:07:37:09 +0000] "POST /transactions HTTP/1.1" 200 2853
::1 - - [30/Jan/2024:07:38:48 +0000] "POST /user/verify-token HTTP/1.1" 200 206
::1 - - [30/Jan/2024:07:38:48 +0000] "POST /user/verify-token HTTP/1.1" 200 206
::1 - - [30/Jan/2024:07:38:48 +0000] "POST /transactions HTTP/1.1" 200 2853
::1 - - [30/Jan/2024:07:38:49 +0000] "POST /transactions HTTP/1.1" 200 2853
::1 - - [30/Jan/2024:07:38:49 +0000] "POST /transactions HTTP/1.1" 200 2853
::1 - - [30/Jan/2024:07:38:49 +0000] "POST /transactions HTTP/1.1" 200 2853
::1 - - [30/Jan/2024:07:41:28 +0000] "POST /user/signout HTTP/1.1" 404 152
::1 - - [30/Jan/2024:07:41:55 +0000] "POST /user/signin HTTP/1.1" 200 409
::1 - - [30/Jan/2024:07:41:55 +0000] "POST /transactions HTTP/1.1" 200 2853
::1 - - [30/Jan/2024:07:42:12 +0000] "POST /payments/approve HTTP/1.1" 200 63
::1 - - [30/Jan/2024:07:44:52 +0000] "POST /payments/complete HTTP/1.1" 401 45
::1 - - [30/Jan/2024:07:45:02 +0000] "POST /payments/complete HTTP/1.1" 401 45
::1 - - [30/Jan/2024:07:45:12 +0000] "POST /payments/complete HTTP/1.1" 401 45
::1 - - [30/Jan/2024:07:45:22 +0000] "POST /payments/complete HTTP/1.1" 401 45
::1 - - [30/Jan/2024:07:45:33 +0000] "POST /payments/complete HTTP/1.1" 401 45
::1 - - [30/Jan/2024:07:45:44 +0000] "POST /payments/complete HTTP/1.1" 401 45
::1 - - [30/Jan/2024:07:47:22 +0000] "POST /user/verify-token HTTP/1.1" 200 206
::1 - - [30/Jan/2024:07:47:22 +0000] "POST /transactions HTTP/1.1" 200 2853
::1 - - [30/Jan/2024:07:47:22 +0000] "POST /user/verify-token HTTP/1.1" 200 206
::1 - - [30/Jan/2024:07:47:22 +0000] "POST /transactions HTTP/1.1" 200 2853
::1 - - [30/Jan/2024:07:47:22 +0000] "POST /transactions HTTP/1.1" 200 2853
::1 - - [30/Jan/2024:07:47:22 +0000] "POST /transactions HTTP/1.1" 200 2853
::1 - - [30/Jan/2024:07:48:08 +0000] "POST /user/verify-token HTTP/1.1" 200 206
::1 - - [30/Jan/2024:07:48:08 +0000] "POST /user/verify-token HTTP/1.1" 200 206
::1 - - [30/Jan/2024:07:48:08 +0000] "POST /transactions HTTP/1.1" 200 2853
::1 - - [30/Jan/2024:07:48:08 +0000] "POST /transactions HTTP/1.1" 200 2853
::1 - - [30/Jan/2024:07:48:08 +0000] "POST /user/verify-token HTTP/1.1" 200 206
::1 - - [30/Jan/2024:07:48:08 +0000] "POST /user/verify-token HTTP/1.1" 200 206
::1 - - [30/Jan/2024:07:48:08 +0000] "POST /transactions HTTP/1.1" 200 2853
::1 - - [30/Jan/2024:07:48:08 +0000] "POST /transactions HTTP/1.1" 200 2853
::1 - - [30/Jan/2024:07:48:09 +0000] "POST /transactions HTTP/1.1" 200 2853
::1 - - [30/Jan/2024:07:48:09 +0000] "POST /transactions HTTP/1.1" 200 2853
::1 - - [30/Jan/2024:07:48:31 +0000] "POST /user/verify-token HTTP/1.1" 200 206
::1 - - [30/Jan/2024:07:48:31 +0000] "POST /user/verify-token HTTP/1.1" 200 206
::1 - - [30/Jan/2024:07:48:31 +0000] "POST /user/verify-token HTTP/1.1" 200 206
::1 - - [30/Jan/2024:07:48:31 +0000] "POST /user/verify-token HTTP/1.1" 200 206
::1 - - [30/Jan/2024:07:48:31 +0000] "POST /transactions HTTP/1.1" 200 2853
::1 - - [30/Jan/2024:07:48:31 +0000] "POST /transactions HTTP/1.1" 200 2853
::1 - - [30/Jan/2024:07:48:31 +0000] "POST /transactions HTTP/1.1" 200 2853
::1 - - [30/Jan/2024:07:48:32 +0000] "POST /transactions HTTP/1.1" 200 2853
::1 - - [30/Jan/2024:07:48:32 +0000] "POST /transactions HTTP/1.1" 200 2853
::1 - - [30/Jan/2024:07:48:32 +0000] "POST /transactions HTTP/1.1" 200 2853
::1 - - [30/Jan/2024:07:49:47 +0000] "POST /user/signin HTTP/1.1" 200 409
::1 - - [30/Jan/2024:07:49:47 +0000] "POST /transactions HTTP/1.1" 200 2853
::1 - - [30/Jan/2024:07:49:49 +0000] "POST /payments/incomplete HTTP/1.1" 200 73
::1 - - [30/Jan/2024:07:49:56 +0000] "POST /payments/approve HTTP/1.1" 200 63
::1 - - [30/Jan/2024:07:51:11 +0000] "POST /payments/cancelled_payment HTTP/1.1" 200 64
::1 - - [30/Jan/2024:07:51:20 +0000] "POST /payments/approve HTTP/1.1" 200 63
::1 - - [30/Jan/2024:07:52:21 +0000] "POST /payments/complete HTTP/1.1" 200 64
::1 - - [30/Jan/2024:07:52:39 +0000] "POST /user/verify-token HTTP/1.1" 200 206
::1 - - [30/Jan/2024:07:52:39 +0000] "POST /user/verify-token HTTP/1.1" 200 206
::1 - - [30/Jan/2024:07:52:39 +0000] "POST /transactions HTTP/1.1" 200 2853
::1 - - [30/Jan/2024:07:52:39 +0000] "POST /user/verify-token HTTP/1.1" 200 206
::1 - - [30/Jan/2024:07:52:39 +0000] "POST /user/verify-token HTTP/1.1" 200 206
::1 - - [30/Jan/2024:07:52:39 +0000] "POST /transactions HTTP/1.1" 200 2853
::1 - - [30/Jan/2024:07:52:39 +0000] "POST /transactions HTTP/1.1" 200 2853
::1 - - [30/Jan/2024:07:52:40 +0000] "POST /transactions HTTP/1.1" 200 2853
::1 - - [30/Jan/2024:07:52:40 +0000] "POST /transactions HTTP/1.1" 200 2853
::1 - - [30/Jan/2024:07:52:40 +0000] "POST /transactions HTTP/1.1" 200 2853
::1 - - [30/Jan/2024:07:53:03 +0000] "POST /user/verify-token HTTP/1.1" 200 206
::1 - - [30/Jan/2024:07:53:03 +0000] "POST /user/verify-token HTTP/1.1" 200 206
::1 - - [30/Jan/2024:07:53:03 +0000] "POST /user/verify-token HTTP/1.1" 200 206
::1 - - [30/Jan/2024:07:53:03 +0000] "POST /user/verify-token HTTP/1.1" 200 206
::1 - - [30/Jan/2024:07:53:03 +0000] "POST /transactions HTTP/1.1" 200 2853
::1 - - [30/Jan/2024:07:53:03 +0000] "POST /transactions HTTP/1.1" 200 2853
::1 - - [30/Jan/2024:07:53:03 +0000] "POST /transactions HTTP/1.1" 200 2853
::1 - - [30/Jan/2024:07:53:04 +0000] "POST /transactions HTTP/1.1" 200 2853
::1 - - [30/Jan/2024:07:53:04 +0000] "POST /transactions HTTP/1.1" 200 2853
::1 - - [30/Jan/2024:07:53:04 +0000] "POST /transactions HTTP/1.1" 200 2853
::1 - - [30/Jan/2024:07:55:01 +0000] "POST /user/verify-token HTTP/1.1" 200 206
::1 - - [30/Jan/2024:07:55:01 +0000] "POST /user/verify-token HTTP/1.1" 200 206
::1 - - [30/Jan/2024:07:55:01 +0000] "POST /user/verify-token HTTP/1.1" 200 206
::1 - - [30/Jan/2024:07:55:01 +0000] "POST /transactions HTTP/1.1" 200 4367
::1 - - [30/Jan/2024:07:55:01 +0000] "POST /transactions HTTP/1.1" 200 4367
::1 - - [30/Jan/2024:07:55:01 +0000] "POST /user/verify-token HTTP/1.1" 200 206
::1 - - [30/Jan/2024:07:55:01 +0000] "POST /transactions HTTP/1.1" 200 4367
::1 - - [30/Jan/2024:07:55:01 +0000] "POST /transactions HTTP/1.1" 200 4367
::1 - - [30/Jan/2024:07:55:01 +0000] "POST /transactions HTTP/1.1" 200 4367
::1 - - [30/Jan/2024:07:55:01 +0000] "POST /transactions HTTP/1.1" 200 4367
::1 - - [30/Jan/2024:07:56:01 +0000] "POST /user/verify-token HTTP/1.1" 200 206
::1 - - [30/Jan/2024:07:56:01 +0000] "POST /user/verify-token HTTP/1.1" 200 206
::1 - - [30/Jan/2024:07:56:01 +0000] "POST /transactions HTTP/1.1" 200 4367
::1 - - [30/Jan/2024:07:56:01 +0000] "POST /transactions HTTP/1.1" 200 4367
::1 - - [30/Jan/2024:07:56:01 +0000] "POST /transactions HTTP/1.1" 200 4367
::1 - - [30/Jan/2024:07:56:01 +0000] "POST /user/verify-token HTTP/1.1" 200 206
::1 - - [30/Jan/2024:07:56:01 +0000] "POST /user/verify-token HTTP/1.1" 200 206
::1 - - [30/Jan/2024:07:56:02 +0000] "POST /transactions HTTP/1.1" 200 4367
::1 - - [30/Jan/2024:07:56:02 +0000] "POST /transactions HTTP/1.1" 200 4367
::1 - - [30/Jan/2024:07:56:02 +0000] "POST /transactions HTTP/1.1" 200 4367
::1 - - [30/Jan/2024:07:57:25 +0000] "POST /user/verify-token HTTP/1.1" 200 206
::1 - - [30/Jan/2024:07:57:25 +0000] "POST /user/verify-token HTTP/1.1" 200 206
::1 - - [30/Jan/2024:07:57:25 +0000] "POST /transactions HTTP/1.1" 200 4367
::1 - - [30/Jan/2024:07:57:25 +0000] "POST /user/verify-token HTTP/1.1" 200 206
::1 - - [30/Jan/2024:07:57:25 +0000] "POST /user/verify-token HTTP/1.1" 200 206
::1 - - [30/Jan/2024:07:57:25 +0000] "POST /transactions HTTP/1.1" 200 4367
::1 - - [30/Jan/2024:07:57:25 +0000] "POST /transactions HTTP/1.1" 200 4367
::1 - - [30/Jan/2024:07:57:25 +0000] "POST /transactions HTTP/1.1" 200 4367
::1 - - [30/Jan/2024:07:57:25 +0000] "POST /transactions HTTP/1.1" 200 4367
::1 - - [30/Jan/2024:07:57:25 +0000] "POST /transactions HTTP/1.1" 200 4367
::1 - - [30/Jan/2024:07:58:45 +0000] "POST /user/signout HTTP/1.1" 404 152
::1 - - [30/Jan/2024:07:58:50 +0000] "POST /user/signin HTTP/1.1" 200 409
::1 - - [30/Jan/2024:07:58:51 +0000] "POST /transactions HTTP/1.1" 200 4367
::1 - - [30/Jan/2024:07:59:38 +0000] "POST /payments/approve HTTP/1.1" 200 63
::1 - - [30/Jan/2024:08:00:41 +0000] "POST /payments/complete HTTP/1.1" 200 64
::1 - - [30/Jan/2024:08:06:30 +0000] "POST /user/verify-token HTTP/1.1" 200 206
::1 - - [30/Jan/2024:08:06:30 +0000] "POST /user/verify-token HTTP/1.1" 200 206
::1 - - [30/Jan/2024:08:06:30 +0000] "POST /user/verify-token HTTP/1.1" 200 206
::1 - - [30/Jan/2024:08:06:30 +0000] "POST /user/verify-token HTTP/1.1" 200 206
::1 - - [30/Jan/2024:08:06:30 +0000] "POST /transactions HTTP/1.1" 200 4683
::1 - - [30/Jan/2024:08:06:30 +0000] "POST /transactions HTTP/1.1" 200 4683
::1 - - [30/Jan/2024:08:06:30 +0000] "POST /transactions HTTP/1.1" 200 4683
::1 - - [30/Jan/2024:08:06:31 +0000] "POST /transactions HTTP/1.1" 200 4683
::1 - - [30/Jan/2024:08:06:31 +0000] "POST /transactions HTTP/1.1" 200 4683
::1 - - [30/Jan/2024:08:06:31 +0000] "POST /transactions HTTP/1.1" 200 4683
::1 - - [30/Jan/2024:08:09:14 +0000] "POST /user/verify-token HTTP/1.1" 200 206
::1 - - [30/Jan/2024:08:09:15 +0000] "POST /user/verify-token HTTP/1.1" 200 206
::1 - - [30/Jan/2024:08:09:15 +0000] "POST /user/verify-token HTTP/1.1" 200 206
::1 - - [30/Jan/2024:08:09:15 +0000] "POST /transactions HTTP/1.1" 200 4683
::1 - - [30/Jan/2024:08:09:15 +0000] "POST /user/verify-token HTTP/1.1" 200 206
::1 - - [30/Jan/2024:08:09:15 +0000] "POST /transactions HTTP/1.1" 200 4683
::1 - - [30/Jan/2024:08:09:15 +0000] "POST /transactions HTTP/1.1" 200 4683
::1 - - [30/Jan/2024:08:09:15 +0000] "POST /transactions HTTP/1.1" 200 4683
::1 - - [30/Jan/2024:08:09:15 +0000] "POST /transactions HTTP/1.1" 200 4683
::1 - - [30/Jan/2024:08:09:15 +0000] "POST /transactions HTTP/1.1" 200 4683
::1 - - [30/Jan/2024:08:09:36 +0000] "POST /user/signout HTTP/1.1" 404 152
::1 - - [30/Jan/2024:08:11:06 +0000] "POST /user/signin HTTP/1.1" 200 409
::1 - - [30/Jan/2024:08:11:06 +0000] "POST /transactions HTTP/1.1" 200 4683
::1 - - [30/Jan/2024:08:11:26 +0000] "POST /payments/approve HTTP/1.1" 200 63
::1 - - [30/Jan/2024:08:12:42 +0000] "POST /payments/cancelled_payment HTTP/1.1" 200 64
::1 - - [30/Jan/2024:08:12:51 +0000] "POST /user/verify-token HTTP/1.1" 200 206
::1 - - [30/Jan/2024:08:12:51 +0000] "POST /user/verify-token HTTP/1.1" 200 206
::1 - - [30/Jan/2024:08:12:51 +0000] "POST /transactions HTTP/1.1" 200 4937
::1 - - [30/Jan/2024:08:12:51 +0000] "POST /user/verify-token HTTP/1.1" 200 206
::1 - - [30/Jan/2024:08:12:51 +0000] "POST /user/verify-token HTTP/1.1" 200 206
::1 - - [30/Jan/2024:08:12:51 +0000] "POST /transactions HTTP/1.1" 200 4937
::1 - - [30/Jan/2024:08:12:51 +0000] "POST /transactions HTTP/1.1" 200 4937
::1 - - [30/Jan/2024:08:12:52 +0000] "POST /transactions HTTP/1.1" 200 4937
::1 - - [30/Jan/2024:08:12:52 +0000] "POST /transactions HTTP/1.1" 200 4937
::1 - - [30/Jan/2024:08:12:52 +0000] "POST /transactions HTTP/1.1" 200 4937
::1 - - [30/Jan/2024:08:17:49 +0000] "POST /user/verify-token HTTP/1.1" 200 206
::1 - - [30/Jan/2024:08:17:49 +0000] "POST /user/verify-token HTTP/1.1" 200 206
::1 - - [30/Jan/2024:08:17:49 +0000] "POST /user/verify-token HTTP/1.1" 200 206
::1 - - [30/Jan/2024:08:17:49 +0000] "POST /transactions HTTP/1.1" 200 4937
::1 - - [30/Jan/2024:08:17:50 +0000] "POST /user/verify-token HTTP/1.1" 200 206
::1 - - [30/Jan/2024:08:17:50 +0000] "POST /transactions HTTP/1.1" 200 4937
::1 - - [30/Jan/2024:08:17:50 +0000] "POST /transactions HTTP/1.1" 200 4937
::1 - - [30/Jan/2024:08:17:50 +0000] "POST /transactions HTTP/1.1" 200 4937
::1 - - [30/Jan/2024:08:17:50 +0000] "POST /transactions HTTP/1.1" 200 4937
::1 - - [30/Jan/2024:08:17:50 +0000] "POST /transactions HTTP/1.1" 200 4937
::1 - - [01/Feb/2024:13:35:53 +0000] "POST /user/verify-token HTTP/1.1" 500 33
::1 - - [01/Feb/2024:13:35:53 +0000] "POST /user/verify-token HTTP/1.1" 500 33
::1 - - [01/Feb/2024:13:35:53 +0000] "POST /transactions HTTP/1.1" 401 64
::1 - - [01/Feb/2024:13:35:53 +0000] "POST /user/verify-token HTTP/1.1" 500 33
::1 - - [01/Feb/2024:13:35:53 +0000] "POST /user/verify-token HTTP/1.1" 500 33
::1 - - [01/Feb/2024:13:35:53 +0000] "POST /transactions HTTP/1.1" 401 64
::1 - - [01/Feb/2024:13:36:43 +0000] "POST /user/signin HTTP/1.1" 200 409
::1 - - [01/Feb/2024:13:36:43 +0000] "POST /transactions HTTP/1.1" 200 4937
::1 - - [01/Feb/2024:13:37:06 +0000] "POST /payments/approve HTTP/1.1" 200 63
::1 - - [01/Feb/2024:13:38:17 +0000] "POST /payments/complete HTTP/1.1" 200 64
::1 - - [01/Feb/2024:13:39:02 +0000] "POST /user/verify-token HTTP/1.1" 200 206
::1 - - [01/Feb/2024:13:39:02 +0000] "POST /user/verify-token HTTP/1.1" 200 206
::1 - - [01/Feb/2024:13:39:02 +0000] "POST /transactions HTTP/1.1" 200 5253
::1 - - [01/Feb/2024:13:39:02 +0000] "POST /user/verify-token HTTP/1.1" 200 206
::1 - - [01/Feb/2024:13:39:02 +0000] "POST /user/verify-token HTTP/1.1" 200 206
::1 - - [01/Feb/2024:13:39:02 +0000] "POST /transactions HTTP/1.1" 200 5253
::1 - - [01/Feb/2024:13:39:02 +0000] "POST /transactions HTTP/1.1" 200 5253
::1 - - [01/Feb/2024:13:39:02 +0000] "POST /transactions HTTP/1.1" 200 5253
::1 - - [01/Feb/2024:13:39:02 +0000] "POST /transactions HTTP/1.1" 200 5253
::1 - - [01/Feb/2024:13:39:02 +0000] "POST /transactions HTTP/1.1" 200 5253
::1 - - [03/Feb/2024:09:12:21 +0000] "POST /user/verify-token HTTP/1.1" 500 33
::1 - - [03/Feb/2024:09:12:21 +0000] "POST /user/verify-token HTTP/1.1" 500 33
::1 - - [03/Feb/2024:09:12:21 +0000] "POST /transactions HTTP/1.1" 401 64
::1 - - [03/Feb/2024:09:12:21 +0000] "POST /user/verify-token HTTP/1.1" 500 33
::1 - - [03/Feb/2024:09:12:21 +0000] "POST /user/verify-token HTTP/1.1" 500 33
::1 - - [03/Feb/2024:09:12:21 +0000] "POST /transactions HTTP/1.1" 401 64
::1 - - [03/Feb/2024:09:15:05 +0000] "POST /user/signin HTTP/1.1" 500 33
::1 - - [03/Feb/2024:09:16:35 +0000] "POST /user/signin HTTP/1.1" 500 33
::1 - - [03/Feb/2024:09:18:35 +0000] "POST /user/signin HTTP/1.1" 500 33
::1 - - [03/Feb/2024:09:23:24 +0000] "POST /user/signin HTTP/1.1" 200 409
::1 - - [03/Feb/2024:09:23:24 +0000] "POST /transactions HTTP/1.1" 200 5253
::1 - - [03/Feb/2024:09:23:31 +0000] "POST /user/signout HTTP/1.1" 404 152
::1 - - [03/Feb/2024:09:24:31 +0000] "POST /user/signin HTTP/1.1" 200 409
::1 - - [03/Feb/2024:09:24:31 +0000] "POST /transactions HTTP/1.1" 200 5253
::1 - - [03/Feb/2024:09:29:39 +0000] "POST /payments/approve HTTP/1.1" 200 63
::1 - - [03/Feb/2024:09:30:47 +0000] "POST /payments/cancelled_payment HTTP/1.1" 200 64
::1 - - [03/Feb/2024:09:31:15 +0000] "POST /user/verify-token HTTP/1.1" 200 206
::1 - - [03/Feb/2024:09:31:15 +0000] "POST /user/verify-token HTTP/1.1" 200 206
::1 - - [03/Feb/2024:09:31:15 +0000] "POST /user/verify-token HTTP/1.1" 200 206
::1 - - [03/Feb/2024:09:31:15 +0000] "POST /user/verify-token HTTP/1.1" 200 206
::1 - - [03/Feb/2024:09:31:15 +0000] "POST /transactions HTTP/1.1" 200 5507
::1 - - [03/Feb/2024:09:31:15 +0000] "POST /transactions HTTP/1.1" 200 5507
::1 - - [03/Feb/2024:09:31:15 +0000] "POST /transactions HTTP/1.1" 200 5507
::1 - - [03/Feb/2024:09:31:15 +0000] "POST /transactions HTTP/1.1" 200 5507
::1 - - [03/Feb/2024:09:31:15 +0000] "POST /transactions HTTP/1.1" 200 5507
::1 - - [03/Feb/2024:09:31:15 +0000] "POST /transactions HTTP/1.1" 200 5507
::1 - - [03/Feb/2024:09:31:57 +0000] "POST /user/verify-token HTTP/1.1" 200 206
::1 - - [03/Feb/2024:09:31:57 +0000] "POST /user/verify-token HTTP/1.1" 200 206
::1 - - [03/Feb/2024:09:31:57 +0000] "POST /user/verify-token HTTP/1.1" 200 206
::1 - - [03/Feb/2024:09:31:57 +0000] "POST /user/verify-token HTTP/1.1" 200 206
::1 - - [03/Feb/2024:09:31:57 +0000] "POST /transactions HTTP/1.1" 200 5507
::1 - - [03/Feb/2024:09:31:57 +0000] "POST /transactions HTTP/1.1" 200 5507
::1 - - [03/Feb/2024:09:31:57 +0000] "POST /transactions HTTP/1.1" 200 5507
::1 - - [03/Feb/2024:09:31:57 +0000] "POST /transactions HTTP/1.1" 200 5507
::1 - - [03/Feb/2024:09:31:57 +0000] "POST /transactions HTTP/1.1" 200 5507
::1 - - [03/Feb/2024:09:31:57 +0000] "POST /transactions HTTP/1.1" 200 5507
::1 - - [03/Feb/2024:09:32:15 +0000] "POST /user/signout HTTP/1.1" 404 152
::1 - - [03/Feb/2024:09:32:43 +0000] "POST /user/signin HTTP/1.1" 200 409
::1 - - [03/Feb/2024:09:32:43 +0000] "POST /transactions HTTP/1.1" 200 5507
::1 - - [03/Feb/2024:09:32:55 +0000] "POST /payments/approve HTTP/1.1" 200 63
::1 - - [03/Feb/2024:09:38:39 +0000] "POST /payments/cancelled_payment HTTP/1.1" 200 64
::1 - - [03/Feb/2024:09:39:01 +0000] "POST /user/verify-token HTTP/1.1" 200 206
::1 - - [03/Feb/2024:09:39:01 +0000] "POST /user/verify-token HTTP/1.1" 200 206
::1 - - [03/Feb/2024:09:39:01 +0000] "POST /user/verify-token HTTP/1.1" 200 206
::1 - - [03/Feb/2024:09:39:01 +0000] "POST /transactions HTTP/1.1" 200 5761
::1 - - [03/Feb/2024:09:39:01 +0000] "POST /transactions HTTP/1.1" 200 5761
::1 - - [03/Feb/2024:09:39:01 +0000] "POST /transactions HTTP/1.1" 200 5761
::1 - - [03/Feb/2024:09:39:01 +0000] "POST /user/verify-token HTTP/1.1" 200 206
::1 - - [03/Feb/2024:09:39:01 +0000] "POST /transactions HTTP/1.1" 200 5761
::1 - - [03/Feb/2024:09:39:02 +0000] "POST /transactions HTTP/1.1" 200 5761
::1 - - [03/Feb/2024:09:39:02 +0000] "POST /transactions HTTP/1.1" 200 5761
::1 - - [03/Feb/2024:09:39:29 +0000] "POST /user/signout HTTP/1.1" 404 152
::1 - - [03/Feb/2024:09:39:38 +0000] "POST /user/signin HTTP/1.1" 200 409
::1 - - [03/Feb/2024:09:39:38 +0000] "POST /transactions HTTP/1.1" 200 5761
::1 - - [03/Feb/2024:09:39:51 +0000] "POST /payments/approve HTTP/1.1" 200 63
::1 - - [03/Feb/2024:09:40:47 +0000] "POST /payments/cancelled_payment HTTP/1.1" 200 64
::1 - - [03/Feb/2024:09:41:01 +0000] "POST /user/verify-token HTTP/1.1" 200 206
::1 - - [03/Feb/2024:09:41:01 +0000] "POST /user/verify-token HTTP/1.1" 200 206
::1 - - [03/Feb/2024:09:41:01 +0000] "POST /transactions HTTP/1.1" 200 6015
::1 - - [03/Feb/2024:09:41:01 +0000] "POST /user/verify-token HTTP/1.1" 200 206
::1 - - [03/Feb/2024:09:41:01 +0000] "POST /user/verify-token HTTP/1.1" 200 206
::1 - - [03/Feb/2024:09:41:01 +0000] "POST /transactions HTTP/1.1" 200 6015
::1 - - [03/Feb/2024:09:41:01 +0000] "POST /transactions HTTP/1.1" 200 6015
::1 - - [03/Feb/2024:09:41:01 +0000] "POST /transactions HTTP/1.1" 200 6015
::1 - - [03/Feb/2024:09:41:01 +0000] "POST /transactions HTTP/1.1" 200 6015
::1 - - [03/Feb/2024:09:41:01 +0000] "POST /transactions HTTP/1.1" 200 6015
