{
  status: 200,
  statusText: 'OK',
  headers: Object [AxiosHeaders] {
    'content-type': 'application/json; charset=utf-8',
    vary: 'Accept-Encoding, Origin',
    status: '200 OK',
    'cache-control': 'max-age=0, private, must-revalidate',
    'referrer-policy': 'strict-origin-when-cross-origin',
    'x-permitted-cross-domain-policies': 'none',
    'x-xss-protection': '1; mode=block',
    'x-request-id': '70f95c85-8970-4b27-aa00-1ebd985b56ca',
    'x-download-options': 'noopen',
    etag: 'W/"fe849e942b16e4acfd5b060044cb975f"',
    'x-frame-options': 'SAMEORIGIN',
    'x-runtime': '0.033963',
    'x-content-type-options': 'nosniff',
    date: 'Mon, 22 Jan 2024 10:06:47 GMT',
    'x-powered-by': 'Phusion Passenger(R)',
    server: 'nginx/1.18.0 + Phusion Passenger(R)',
    via: '1.1 google',
    'alt-svc': 'h3=":443"; ma=2592000,h3-29=":443"; ma=2592000',
    'transfer-encoding': 'chunked',
    connection: 'close'
  },
  config: {
    transitional: {
      silentJSONParsing: true,
      forcedJSONParsing: true,
      clarifyTimeoutError: false
    },
    adapter: [ 'xhr', 'http' ],
    transformRequest: [ [Function: transformRequest] ],
    transformResponse: [ [Function: transformResponse] ],
    timeout: 20000,
    xsrfCookieName: 'XSRF-TOKEN',
    xsrfHeaderName: 'X-XSRF-TOKEN',
    maxContentLength: -1,
    maxBodyLength: -1,
    env: {
      FormData: [Function: FormData] {
        LINE_BREAK: '\r\n',
        DEFAULT_CONTENT_TYPE: 'application/octet-stream'
      },
      Blob: [class Blob]
    },
    validateStatus: [Function: validateStatus],
    headers: Object [AxiosHeaders] {
      Accept: 'application/json, text/plain, */*',
      'Content-Type': 'application/x-www-form-urlencoded',
      Authorization: 'Key ndk3imryb59utcdgoclzcc5j2zefnbl0xj2n4hihd0b0xr7ylwjqtqupmvspgf9d',
      'User-Agent': 'axios/1.6.5',
      'Accept-Encoding': 'gzip, compress, deflate, br'
    },
    baseURL: 'https://api.minepi.com',
    method: 'post',
    url: '/v2/payments/bsCvYzaCDfwrahrZ5AkDG80K9MGn/approve',
    data: undefined
  },
  request: <ref *1> ClientRequest {
    _events: [Object: null prototype] {
      abort: [Function (anonymous)],
      aborted: [Function (anonymous)],
      connect: [Function (anonymous)],
      error: [Function (anonymous)],
      socket: [Function (anonymous)],
      timeout: [Function (anonymous)],
      finish: [Function: requestOnFinish]
    },
    _eventsCount: 7,
    _maxListeners: undefined,
    outputData: [],
    outputSize: 0,
    writable: true,
    destroyed: true,
    _last: true,
    chunkedEncoding: false,
    shouldKeepAlive: false,
    maxRequestsOnConnectionReached: false,
    _defaultKeepAlive: true,
    useChunkedEncodingByDefault: true,
    sendDate: false,
    _removedConnection: false,
    _removedContLen: false,
    _removedTE: false,
    strictContentLength: false,
    _contentLength: 0,
    _hasBody: true,
    _trailer: '',
    finished: true,
    _headerSent: true,
    _closed: true,
    socket: TLSSocket {
      _tlsOptions: {
        allowHalfOpen: undefined,
        pipe: false,
        secureContext: SecureContext { context: SecureContext {} },
        isServer: false,
        requestCert: true,
        rejectUnauthorized: true,
        session: <Buffer 30 82 06 6f 02 01 01 02 02 03 04 04 02 13 02 04 20 8a 9d 30 3d 80 f5 e9 b2 4c 8a fc c3 2b b3 bd 1c 0e 1f 5f 6e 8d a2 54 ef 21 82 6d ce e9 a4 0f 3c 04 ... 1601 more bytes>,
        ALPNProtocols: undefined,
        requestOCSP: undefined,
        enableTrace: undefined,
        pskCallback: undefined,
        highWaterMark: undefined,
        onread: undefined,
        signal: undefined
      },
      _secureEstablished: true,
      _securePending: false,
      _newSessionPending: false,
      _controlReleased: true,
      secureConnecting: false,
      _SNICallback: null,
      servername: 'api.minepi.com',
      alpnProtocol: false,
      authorized: true,
      authorizationError: null,
      encrypted: true,
      _events: [Object: null prototype] {
        close: [
          [Function: onSocketCloseDestroySSL],
          [Function: onClose],
          [Function: socketCloseListener]
        ],
        end: [Function: onReadableStreamEnd],
        newListener: [Function: keylogNewListener],
        secure: [Function: onConnectSecure],
        session: [Function (anonymous)],
        free: [Function: onFree],
        timeout: [ [Function: onTimeout], [Function: destroy] ],
        agentRemove: [Function: onRemove],
        error: [Function: socketErrorListener]
      },
      _eventsCount: 9,
      connecting: false,
      _hadError: false,
      _parent: null,
      _host: 'api.minepi.com',
      _closeAfterHandlingError: false,
      _readableState: ReadableState {
        objectMode: false,
        highWaterMark: 16384,
        buffer: BufferList { head: null, tail: null, length: 0 },
        length: 0,
        pipes: [],
        flowing: true,
        ended: false,
        endEmitted: false,
        reading: true,
        constructed: true,
        sync: false,
        needReadable: true,
        emittedReadable: false,
        readableListening: false,
        resumeScheduled: false,
        errorEmitted: false,
        emitClose: false,
        autoDestroy: true,
        destroyed: true,
        errored: null,
        closed: true,
        closeEmitted: true,
        defaultEncoding: 'utf8',
        awaitDrainWriters: null,
        multiAwaitDrain: false,
        readingMore: false,
        dataEmitted: true,
        decoder: null,
        encoding: null,
        [Symbol(kPaused)]: false
      },
      _maxListeners: undefined,
      _writableState: WritableState {
        objectMode: false,
        highWaterMark: 16384,
        finalCalled: true,
        needDrain: false,
        ending: true,
        ended: true,
        finished: true,
        destroyed: true,
        decodeStrings: false,
        defaultEncoding: 'utf8',
        length: 0,
        writing: false,
        corked: 0,
        sync: false,
        bufferProcessing: false,
        onwrite: [Function: bound onwrite],
        writecb: null,
        writelen: 0,
        afterWriteTickInfo: null,
        buffered: [],
        bufferedIndex: 0,
        allBuffers: true,
        allNoop: true,
        pendingcb: 0,
        constructed: true,
        prefinished: true,
        errorEmitted: false,
        emitClose: false,
        autoDestroy: true,
        errored: null,
        closed: true,
        closeEmitted: true,
        [Symbol(kOnFinished)]: []
      },
      allowHalfOpen: false,
      _sockname: null,
      _pendingData: null,
      _pendingEncoding: '',
      server: undefined,
      _server: null,
      ssl: null,
      _requestCert: true,
      _rejectUnauthorized: true,
      parser: null,
      _httpMessage: [Circular *1],
      timeout: 20000,
      [Symbol(res)]: null,
      [Symbol(verified)]: true,
      [Symbol(pendingSession)]: null,
      [Symbol(async_id_symbol)]: 369,
      [Symbol(kHandle)]: null,
      [Symbol(lastWriteQueueSize)]: 0,
      [Symbol(timeout)]: Timeout {
        _idleTimeout: -1,
        _idlePrev: null,
        _idleNext: null,
        _idleStart: 25723,
        _onTimeout: null,
        _timerArgs: undefined,
        _repeat: null,
        _destroyed: true,
        [Symbol(refed)]: false,
        [Symbol(kHasPrimitive)]: false,
        [Symbol(asyncId)]: 377,
        [Symbol(triggerId)]: 372
      },
      [Symbol(kBuffer)]: null,
      [Symbol(kBufferCb)]: null,
      [Symbol(kBufferGen)]: null,
      [Symbol(kCapture)]: false,
      [Symbol(kSetNoDelay)]: false,
      [Symbol(kSetKeepAlive)]: true,
      [Symbol(kSetKeepAliveInitialDelay)]: 60,
      [Symbol(kBytesRead)]: 1150,
      [Symbol(kBytesWritten)]: 375,
      [Symbol(connect-options)]: {
        rejectUnauthorized: true,
        ciphers: 'TLS_AES_256_GCM_SHA384:TLS_CHACHA20_POLY1305_SHA256:TLS_AES_128_GCM_SHA256:ECDHE-RSA-AES128-GCM-SHA256:ECDHE-ECDSA-AES128-GCM-SHA256:ECDHE-RSA-AES256-GCM-SHA384:ECDHE-ECDSA-AES256-GCM-SHA384:DHE-RSA-AES128-GCM-SHA256:ECDHE-RSA-AES128-SHA256:DHE-RSA-AES128-SHA256:ECDHE-RSA-AES256-SHA384:DHE-RSA-AES256-SHA384:ECDHE-RSA-AES256-SHA256:DHE-RSA-AES256-SHA256:HIGH:!aNULL:!eNULL:!EXPORT:!DES:!RC4:!MD5:!PSK:!SRP:!CAMELLIA',
        checkServerIdentity: [Function: checkServerIdentity],
        minDHSize: 1024,
        session: <Buffer 30 82 06 6f 02 01 01 02 02 03 04 04 02 13 02 04 20 8a 9d 30 3d 80 f5 e9 b2 4c 8a fc c3 2b b3 bd 1c 0e 1f 5f 6e 8d a2 54 ef 21 82 6d ce e9 a4 0f 3c 04 ... 1601 more bytes>,
        maxRedirects: 21,
        maxBodyLength: Infinity,
        protocol: 'https:',
        path: null,
        method: 'POST',
        headers: [Object: null prototype] {
          Accept: 'application/json, text/plain, */*',
          'Content-Type': 'application/x-www-form-urlencoded',
          Authorization: 'Key ndk3imryb59utcdgoclzcc5j2zefnbl0xj2n4hihd0b0xr7ylwjqtqupmvspgf9d',
          'User-Agent': 'axios/1.6.5',
          'Accept-Encoding': 'gzip, compress, deflate, br'
        },
        agents: { http: undefined, https: undefined },
        auth: undefined,
        family: undefined,
        beforeRedirect: [Function: dispatchBeforeRedirect],
        beforeRedirects: { proxy: [Function: beforeRedirect] },
        hostname: 'api.minepi.com',
        port: 443,
        agent: undefined,
        nativeProtocols: {
          'http:': {
            _connectionListener: [Function: connectionListener],
            METHODS: [Array],
            STATUS_CODES: [Object],
            Agent: [Function],
            ClientRequest: [Function: ClientRequest],
            IncomingMessage: [Function: IncomingMessage],
            OutgoingMessage: [Function: OutgoingMessage],
            Server: [Function: Server],
            ServerResponse: [Function: ServerResponse],
            createServer: [Function: createServer],
            validateHeaderName: [Function: __node_internal_],
            validateHeaderValue: [Function: __node_internal_],
            get: [Function: get],
            request: [Function: request],
            setMaxIdleHTTPParsers: [Function: setMaxIdleHTTPParsers],
            maxHeaderSize: [Getter],
            globalAgent: [Getter/Setter]
          },
          'https:': {
            Agent: [Function: Agent],
            globalAgent: [Agent],
            Server: [Function: Server],
            createServer: [Function: createServer],
            get: [Function: get],
            request: [Function: request]
          }
        },
        pathname: '/v2/payments/bsCvYzaCDfwrahrZ5AkDG80K9MGn/approve',
        _defaultAgent: Agent {
          _events: [Object: null prototype] {
            free: [Function (anonymous)],
            newListener: [Function: maybeEnableKeylog]
          },
          _eventsCount: 2,
          _maxListeners: undefined,
          defaultPort: 443,
          protocol: 'https:',
          options: [Object: null prototype] { noDelay: true, path: null },
          requests: [Object: null prototype] {},
          sockets: [Object: null prototype] {},
          freeSockets: [Object: null prototype] {},
          keepAliveMsecs: 1000,
          keepAlive: false,
          maxSockets: Infinity,
          maxFreeSockets: 256,
          scheduling: 'lifo',
          maxTotalSockets: Infinity,
          totalSocketCount: 0,
          maxCachedSessions: 100,
          _sessionCache: { map: [Object], list: [Array] },
          [Symbol(kCapture)]: false
        },
        host: 'api.minepi.com',
        noDelay: true,
        servername: 'api.minepi.com',
        _agentKey: 'api.minepi.com:443:::::::::::::::::::::',
        encoding: null,
        singleUse: true
      }
    },
    _header: 'POST /v2/payments/bsCvYzaCDfwrahrZ5AkDG80K9MGn/approve HTTP/1.1\r\n' +
      'Accept: application/json, text/plain, */*\r\n' +
      'Content-Type: application/x-www-form-urlencoded\r\n' +
      'Authorization: Key ndk3imryb59utcdgoclzcc5j2zefnbl0xj2n4hihd0b0xr7ylwjqtqupmvspgf9d\r\n' +
      'User-Agent: axios/1.6.5\r\n' +
      'Accept-Encoding: gzip, compress, deflate, br\r\n' +
      'Host: api.minepi.com\r\n' +
      'Connection: close\r\n' +
      'Content-Length: 0\r\n' +
      '\r\n',
    _keepAliveTimeout: 0,
    _onPendingData: [Function: nop],
    agent: Agent {
      _events: [Object: null prototype] {
        free: [Function (anonymous)],
        newListener: [Function: maybeEnableKeylog]
      },
      _eventsCount: 2,
      _maxListeners: undefined,
      defaultPort: 443,
      protocol: 'https:',
      options: [Object: null prototype] { noDelay: true, path: null },
      requests: [Object: null prototype] {},
      sockets: [Object: null prototype] {},
      freeSockets: [Object: null prototype] {},
      keepAliveMsecs: 1000,
      keepAlive: false,
      maxSockets: Infinity,
      maxFreeSockets: 256,
      scheduling: 'lifo',
      maxTotalSockets: Infinity,
      totalSocketCount: 0,
      maxCachedSessions: 100,
      _sessionCache: {
        map: {
          'api.minepi.com:443:::::::::::::::::::::': <Buffer 30 82 06 6e 02 01 01 02 02 03 04 04 02 13 02 04 20 15 e0 e0 8c dd 95 e7 71 9f 50 27 85 a7 6f a8 eb a9 7b 25 57 a1 b6 12 ae 35 61 ab cf dc c2 56 66 04 ... 1600 more bytes>
        },
        list: [ 'api.minepi.com:443:::::::::::::::::::::' ]
      },
      [Symbol(kCapture)]: false
    },
    socketPath: undefined,
    method: 'POST',
    maxHeaderSize: undefined,
    insecureHTTPParser: undefined,
    joinDuplicateHeaders: undefined,
    path: '/v2/payments/bsCvYzaCDfwrahrZ5AkDG80K9MGn/approve',
    _ended: true,
    res: IncomingMessage {
      _readableState: ReadableState {
        objectMode: false,
        highWaterMark: 16384,
        buffer: BufferList { head: null, tail: null, length: 0 },
        length: 0,
        pipes: [],
        flowing: false,
        ended: true,
        endEmitted: true,
        reading: false,
        constructed: true,
        sync: true,
        needReadable: false,
        emittedReadable: false,
        readableListening: false,
        resumeScheduled: false,
        errorEmitted: false,
        emitClose: true,
        autoDestroy: true,
        destroyed: true,
        errored: null,
        closed: true,
        closeEmitted: true,
        defaultEncoding: 'utf8',
        awaitDrainWriters: null,
        multiAwaitDrain: false,
        readingMore: true,
        dataEmitted: true,
        decoder: null,
        encoding: null,
        [Symbol(kPaused)]: true
      },
      _events: [Object: null prototype] {
        end: [
          [Function: responseOnEnd],
          [Function: onend],
          [Function: onend]
        ],
        close: [
          [Function (anonymous)],
          [Function: onclose],
          [Function: onclose]
        ],
        finish: [ [Function: onfinish], [Function: onfinish] ],
        error: [
          [Function: onerror],
          [Function: onError],
          [Function: onerror]
        ]
      },
      _eventsCount: 4,
      _maxListeners: undefined,
      socket: TLSSocket {
        _tlsOptions: {
          allowHalfOpen: undefined,
          pipe: false,
          secureContext: SecureContext { context: SecureContext {} },
          isServer: false,
          requestCert: true,
          rejectUnauthorized: true,
          session: <Buffer 30 82 06 6f 02 01 01 02 02 03 04 04 02 13 02 04 20 8a 9d 30 3d 80 f5 e9 b2 4c 8a fc c3 2b b3 bd 1c 0e 1f 5f 6e 8d a2 54 ef 21 82 6d ce e9 a4 0f 3c 04 ... 1601 more bytes>,
          ALPNProtocols: undefined,
          requestOCSP: undefined,
          enableTrace: undefined,
          pskCallback: undefined,
          highWaterMark: undefined,
          onread: undefined,
          signal: undefined
        },
        _secureEstablished: true,
        _securePending: false,
        _newSessionPending: false,
        _controlReleased: true,
        secureConnecting: false,
        _SNICallback: null,
        servername: 'api.minepi.com',
        alpnProtocol: false,
        authorized: true,
        authorizationError: null,
        encrypted: true,
        _events: [Object: null prototype] {
          close: [
            [Function: onSocketCloseDestroySSL],
            [Function: onClose],
            [Function: socketCloseListener]
          ],
          end: [Function: onReadableStreamEnd],
          newListener: [Function: keylogNewListener],
          secure: [Function: onConnectSecure],
          session: [Function (anonymous)],
          free: [Function: onFree],
          timeout: [ [Function: onTimeout], [Function: destroy] ],
          agentRemove: [Function: onRemove],
          error: [Function: socketErrorListener]
        },
        _eventsCount: 9,
        connecting: false,
        _hadError: false,
        _parent: null,
        _host: 'api.minepi.com',
        _closeAfterHandlingError: false,
        _readableState: ReadableState {
          objectMode: false,
          highWaterMark: 16384,
          buffer: BufferList { head: null, tail: null, length: 0 },
          length: 0,
          pipes: [],
          flowing: true,
          ended: false,
          endEmitted: false,
          reading: true,
          constructed: true,
          sync: false,
          needReadable: true,
          emittedReadable: false,
          readableListening: false,
          resumeScheduled: false,
          errorEmitted: false,
          emitClose: false,
          autoDestroy: true,
          destroyed: true,
          errored: null,
          closed: true,
          closeEmitted: true,
          defaultEncoding: 'utf8',
          awaitDrainWriters: null,
          multiAwaitDrain: false,
          readingMore: false,
          dataEmitted: true,
          decoder: null,
          encoding: null,
          [Symbol(kPaused)]: false
        },
        _maxListeners: undefined,
        _writableState: WritableState {
          objectMode: false,
          highWaterMark: 16384,
          finalCalled: true,
          needDrain: false,
          ending: true,
          ended: true,
          finished: true,
          destroyed: true,
          decodeStrings: false,
          defaultEncoding: 'utf8',
          length: 0,
          writing: false,
          corked: 0,
          sync: false,
          bufferProcessing: false,
          onwrite: [Function: bound onwrite],
          writecb: null,
          writelen: 0,
          afterWriteTickInfo: null,
          buffered: [],
          bufferedIndex: 0,
          allBuffers: true,
          allNoop: true,
          pendingcb: 0,
          constructed: true,
          prefinished: true,
          errorEmitted: false,
          emitClose: false,
          autoDestroy: true,
          errored: null,
          closed: true,
          closeEmitted: true,
          [Symbol(kOnFinished)]: []
        },
        allowHalfOpen: false,
        _sockname: null,
        _pendingData: null,
        _pendingEncoding: '',
        server: undefined,
        _server: null,
        ssl: null,
        _requestCert: true,
        _rejectUnauthorized: true,
        parser: null,
        _httpMessage: [Circular *1],
        timeout: 20000,
        [Symbol(res)]: null,
        [Symbol(verified)]: true,
        [Symbol(pendingSession)]: null,
        [Symbol(async_id_symbol)]: 369,
        [Symbol(kHandle)]: null,
        [Symbol(lastWriteQueueSize)]: 0,
        [Symbol(timeout)]: Timeout {
          _idleTimeout: -1,
          _idlePrev: null,
          _idleNext: null,
          _idleStart: 25723,
          _onTimeout: null,
          _timerArgs: undefined,
          _repeat: null,
          _destroyed: true,
          [Symbol(refed)]: false,
          [Symbol(kHasPrimitive)]: false,
          [Symbol(asyncId)]: 377,
          [Symbol(triggerId)]: 372
        },
        [Symbol(kBuffer)]: null,
        [Symbol(kBufferCb)]: null,
        [Symbol(kBufferGen)]: null,
        [Symbol(kCapture)]: false,
        [Symbol(kSetNoDelay)]: false,
        [Symbol(kSetKeepAlive)]: true,
        [Symbol(kSetKeepAliveInitialDelay)]: 60,
        [Symbol(kBytesRead)]: 1150,
        [Symbol(kBytesWritten)]: 375,
        [Symbol(connect-options)]: {
          rejectUnauthorized: true,
          ciphers: 'TLS_AES_256_GCM_SHA384:TLS_CHACHA20_POLY1305_SHA256:TLS_AES_128_GCM_SHA256:ECDHE-RSA-AES128-GCM-SHA256:ECDHE-ECDSA-AES128-GCM-SHA256:ECDHE-RSA-AES256-GCM-SHA384:ECDHE-ECDSA-AES256-GCM-SHA384:DHE-RSA-AES128-GCM-SHA256:ECDHE-RSA-AES128-SHA256:DHE-RSA-AES128-SHA256:ECDHE-RSA-AES256-SHA384:DHE-RSA-AES256-SHA384:ECDHE-RSA-AES256-SHA256:DHE-RSA-AES256-SHA256:HIGH:!aNULL:!eNULL:!EXPORT:!DES:!RC4:!MD5:!PSK:!SRP:!CAMELLIA',
          checkServerIdentity: [Function: checkServerIdentity],
          minDHSize: 1024,
          session: <Buffer 30 82 06 6f 02 01 01 02 02 03 04 04 02 13 02 04 20 8a 9d 30 3d 80 f5 e9 b2 4c 8a fc c3 2b b3 bd 1c 0e 1f 5f 6e 8d a2 54 ef 21 82 6d ce e9 a4 0f 3c 04 ... 1601 more bytes>,
          maxRedirects: 21,
          maxBodyLength: Infinity,
          protocol: 'https:',
          path: null,
          method: 'POST',
          headers: [Object: null prototype] {
            Accept: 'application/json, text/plain, */*',
            'Content-Type': 'application/x-www-form-urlencoded',
            Authorization: 'Key ndk3imryb59utcdgoclzcc5j2zefnbl0xj2n4hihd0b0xr7ylwjqtqupmvspgf9d',
            'User-Agent': 'axios/1.6.5',
            'Accept-Encoding': 'gzip, compress, deflate, br'
          },
          agents: { http: undefined, https: undefined },
          auth: undefined,
          family: undefined,
          beforeRedirect: [Function: dispatchBeforeRedirect],
          beforeRedirects: { proxy: [Function: beforeRedirect] },
          hostname: 'api.minepi.com',
          port: 443,
          agent: undefined,
          nativeProtocols: { 'http:': [Object], 'https:': [Object] },
          pathname: '/v2/payments/bsCvYzaCDfwrahrZ5AkDG80K9MGn/approve',
          _defaultAgent: Agent {
            _events: [Object: null prototype],
            _eventsCount: 2,
            _maxListeners: undefined,
            defaultPort: 443,
            protocol: 'https:',
            options: [Object: null prototype],
            requests: [Object: null prototype] {},
            sockets: [Object: null prototype] {},
            freeSockets: [Object: null prototype] {},
            keepAliveMsecs: 1000,
            keepAlive: false,
            maxSockets: Infinity,
            maxFreeSockets: 256,
            scheduling: 'lifo',
            maxTotalSockets: Infinity,
            totalSocketCount: 0,
            maxCachedSessions: 100,
            _sessionCache: [Object],
            [Symbol(kCapture)]: false
          },
          host: 'api.minepi.com',
          noDelay: true,
          servername: 'api.minepi.com',
          _agentKey: 'api.minepi.com:443:::::::::::::::::::::',
          encoding: null,
          singleUse: true
        }
      },
      httpVersionMajor: 1,
      httpVersionMinor: 1,
      httpVersion: '1.1',
      complete: true,
      rawHeaders: [
        'content-type',
        'application/json; charset=utf-8',
        'vary',
        'Accept-Encoding',
        'vary',
        'Origin',
        'status',
        '200 OK',
        'cache-control',
        'max-age=0, private, must-revalidate',
        'referrer-policy',
        'strict-origin-when-cross-origin',
        'x-permitted-cross-domain-policies',
        'none',
        'x-xss-protection',
        '1; mode=block',
        'x-request-id',
        '70f95c85-8970-4b27-aa00-1ebd985b56ca',
        'x-download-options',
        'noopen',
        'etag',
        'W/"fe849e942b16e4acfd5b060044cb975f"',
        'x-frame-options',
        'SAMEORIGIN',
        'x-runtime',
        '0.033963',
        'x-content-type-options',
        'nosniff',
        'date',
        'Mon, 22 Jan 2024 10:06:47 GMT',
        'x-powered-by',
        'Phusion Passenger(R)',
        'server',
        'nginx/1.18.0 + Phusion Passenger(R)',
        'content-encoding',
        'gzip',
        'via',
        '1.1 google',
        'alt-svc',
        'h3=":443"; ma=2592000,h3-29=":443"; ma=2592000',
        'transfer-encoding',
        'chunked',
        'connection',
        'close'
      ],
      rawTrailers: [],
      joinDuplicateHeaders: undefined,
      aborted: false,
      upgrade: false,
      url: '',
      method: null,
      statusCode: 200,
      statusMessage: 'OK',
      client: TLSSocket {
        _tlsOptions: {
          allowHalfOpen: undefined,
          pipe: false,
          secureContext: SecureContext { context: SecureContext {} },
          isServer: false,
          requestCert: true,
          rejectUnauthorized: true,
          session: <Buffer 30 82 06 6f 02 01 01 02 02 03 04 04 02 13 02 04 20 8a 9d 30 3d 80 f5 e9 b2 4c 8a fc c3 2b b3 bd 1c 0e 1f 5f 6e 8d a2 54 ef 21 82 6d ce e9 a4 0f 3c 04 ... 1601 more bytes>,
          ALPNProtocols: undefined,
          requestOCSP: undefined,
          enableTrace: undefined,
          pskCallback: undefined,
          highWaterMark: undefined,
          onread: undefined,
          signal: undefined
        },
        _secureEstablished: true,
        _securePending: false,
        _newSessionPending: false,
        _controlReleased: true,
        secureConnecting: false,
        _SNICallback: null,
        servername: 'api.minepi.com',
        alpnProtocol: false,
        authorized: true,
        authorizationError: null,
        encrypted: true,
        _events: [Object: null prototype] {
          close: [
            [Function: onSocketCloseDestroySSL],
            [Function: onClose],
            [Function: socketCloseListener]
          ],
          end: [Function: onReadableStreamEnd],
          newListener: [Function: keylogNewListener],
          secure: [Function: onConnectSecure],
          session: [Function (anonymous)],
          free: [Function: onFree],
          timeout: [ [Function: onTimeout], [Function: destroy] ],
          agentRemove: [Function: onRemove],
          error: [Function: socketErrorListener]
        },
        _eventsCount: 9,
        connecting: false,
        _hadError: false,
        _parent: null,
        _host: 'api.minepi.com',
        _closeAfterHandlingError: false,
        _readableState: ReadableState {
          objectMode: false,
          highWaterMark: 16384,
          buffer: BufferList { head: null, tail: null, length: 0 },
          length: 0,
          pipes: [],
          flowing: true,
          ended: false,
          endEmitted: false,
          reading: true,
          constructed: true,
          sync: false,
          needReadable: true,
          emittedReadable: false,
          readableListening: false,
          resumeScheduled: false,
          errorEmitted: false,
          emitClose: false,
          autoDestroy: true,
          destroyed: true,
          errored: null,
          closed: true,
          closeEmitted: true,
          defaultEncoding: 'utf8',
          awaitDrainWriters: null,
          multiAwaitDrain: false,
          readingMore: false,
          dataEmitted: true,
          decoder: null,
          encoding: null,
          [Symbol(kPaused)]: false
        },
        _maxListeners: undefined,
        _writableState: WritableState {
          objectMode: false,
          highWaterMark: 16384,
          finalCalled: true,
          needDrain: false,
          ending: true,
          ended: true,
          finished: true,
          destroyed: true,
          decodeStrings: false,
          defaultEncoding: 'utf8',
          length: 0,
          writing: false,
          corked: 0,
          sync: false,
          bufferProcessing: false,
          onwrite: [Function: bound onwrite],
          writecb: null,
          writelen: 0,
          afterWriteTickInfo: null,
          buffered: [],
          bufferedIndex: 0,
          allBuffers: true,
          allNoop: true,
          pendingcb: 0,
          constructed: true,
          prefinished: true,
          errorEmitted: false,
          emitClose: false,
          autoDestroy: true,
          errored: null,
          closed: true,
          closeEmitted: true,
          [Symbol(kOnFinished)]: []
        },
        allowHalfOpen: false,
        _sockname: null,
        _pendingData: null,
        _pendingEncoding: '',
        server: undefined,
        _server: null,
        ssl: null,
        _requestCert: true,
        _rejectUnauthorized: true,
        parser: null,
        _httpMessage: [Circular *1],
        timeout: 20000,
        [Symbol(res)]: null,
        [Symbol(verified)]: true,
        [Symbol(pendingSession)]: null,
        [Symbol(async_id_symbol)]: 369,
        [Symbol(kHandle)]: null,
        [Symbol(lastWriteQueueSize)]: 0,
        [Symbol(timeout)]: Timeout {
          _idleTimeout: -1,
          _idlePrev: null,
          _idleNext: null,
          _idleStart: 25723,
          _onTimeout: null,
          _timerArgs: undefined,
          _repeat: null,
          _destroyed: true,
          [Symbol(refed)]: false,
          [Symbol(kHasPrimitive)]: false,
          [Symbol(asyncId)]: 377,
          [Symbol(triggerId)]: 372
        },
        [Symbol(kBuffer)]: null,
        [Symbol(kBufferCb)]: null,
        [Symbol(kBufferGen)]: null,
        [Symbol(kCapture)]: false,
        [Symbol(kSetNoDelay)]: false,
        [Symbol(kSetKeepAlive)]: true,
        [Symbol(kSetKeepAliveInitialDelay)]: 60,
        [Symbol(kBytesRead)]: 1150,
        [Symbol(kBytesWritten)]: 375,
        [Symbol(connect-options)]: {
          rejectUnauthorized: true,
          ciphers: 'TLS_AES_256_GCM_SHA384:TLS_CHACHA20_POLY1305_SHA256:TLS_AES_128_GCM_SHA256:ECDHE-RSA-AES128-GCM-SHA256:ECDHE-ECDSA-AES128-GCM-SHA256:ECDHE-RSA-AES256-GCM-SHA384:ECDHE-ECDSA-AES256-GCM-SHA384:DHE-RSA-AES128-GCM-SHA256:ECDHE-RSA-AES128-SHA256:DHE-RSA-AES128-SHA256:ECDHE-RSA-AES256-SHA384:DHE-RSA-AES256-SHA384:ECDHE-RSA-AES256-SHA256:DHE-RSA-AES256-SHA256:HIGH:!aNULL:!eNULL:!EXPORT:!DES:!RC4:!MD5:!PSK:!SRP:!CAMELLIA',
          checkServerIdentity: [Function: checkServerIdentity],
          minDHSize: 1024,
          session: <Buffer 30 82 06 6f 02 01 01 02 02 03 04 04 02 13 02 04 20 8a 9d 30 3d 80 f5 e9 b2 4c 8a fc c3 2b b3 bd 1c 0e 1f 5f 6e 8d a2 54 ef 21 82 6d ce e9 a4 0f 3c 04 ... 1601 more bytes>,
          maxRedirects: 21,
          maxBodyLength: Infinity,
          protocol: 'https:',
          path: null,
          method: 'POST',
          headers: [Object: null prototype] {
            Accept: 'application/json, text/plain, */*',
            'Content-Type': 'application/x-www-form-urlencoded',
            Authorization: 'Key ndk3imryb59utcdgoclzcc5j2zefnbl0xj2n4hihd0b0xr7ylwjqtqupmvspgf9d',
            'User-Agent': 'axios/1.6.5',
            'Accept-Encoding': 'gzip, compress, deflate, br'
          },
          agents: { http: undefined, https: undefined },
          auth: undefined,
          family: undefined,
          beforeRedirect: [Function: dispatchBeforeRedirect],
          beforeRedirects: { proxy: [Function: beforeRedirect] },
          hostname: 'api.minepi.com',
          port: 443,
          agent: undefined,
          nativeProtocols: { 'http:': [Object], 'https:': [Object] },
          pathname: '/v2/payments/bsCvYzaCDfwrahrZ5AkDG80K9MGn/approve',
          _defaultAgent: Agent {
            _events: [Object: null prototype],
            _eventsCount: 2,
            _maxListeners: undefined,
            defaultPort: 443,
            protocol: 'https:',
            options: [Object: null prototype],
            requests: [Object: null prototype] {},
            sockets: [Object: null prototype] {},
            freeSockets: [Object: null prototype] {},
            keepAliveMsecs: 1000,
            keepAlive: false,
            maxSockets: Infinity,
            maxFreeSockets: 256,
            scheduling: 'lifo',
            maxTotalSockets: Infinity,
            totalSocketCount: 0,
            maxCachedSessions: 100,
            _sessionCache: [Object],
            [Symbol(kCapture)]: false
          },
          host: 'api.minepi.com',
          noDelay: true,
          servername: 'api.minepi.com',
          _agentKey: 'api.minepi.com:443:::::::::::::::::::::',
          encoding: null,
          singleUse: true
        }
      },
      _consuming: false,
      _dumped: false,
      req: [Circular *1],
      responseUrl: 'https://api.minepi.com/v2/payments/bsCvYzaCDfwrahrZ5AkDG80K9MGn/approve',
      redirects: [],
      [Symbol(kCapture)]: false,
      [Symbol(kHeaders)]: {
        'content-type': 'application/json; charset=utf-8',
        vary: 'Accept-Encoding, Origin',
        status: '200 OK',
        'cache-control': 'max-age=0, private, must-revalidate',
        'referrer-policy': 'strict-origin-when-cross-origin',
        'x-permitted-cross-domain-policies': 'none',
        'x-xss-protection': '1; mode=block',
        'x-request-id': '70f95c85-8970-4b27-aa00-1ebd985b56ca',
        'x-download-options': 'noopen',
        etag: 'W/"fe849e942b16e4acfd5b060044cb975f"',
        'x-frame-options': 'SAMEORIGIN',
        'x-runtime': '0.033963',
        'x-content-type-options': 'nosniff',
        date: 'Mon, 22 Jan 2024 10:06:47 GMT',
        'x-powered-by': 'Phusion Passenger(R)',
        server: 'nginx/1.18.0 + Phusion Passenger(R)',
        via: '1.1 google',
        'alt-svc': 'h3=":443"; ma=2592000,h3-29=":443"; ma=2592000',
        'transfer-encoding': 'chunked',
        connection: 'close'
      },
      [Symbol(kHeadersCount)]: 44,
      [Symbol(kTrailers)]: null,
      [Symbol(kTrailersCount)]: 0
    },
    aborted: false,
    timeoutCb: null,
    upgradeOrConnect: false,
    parser: null,
    maxHeadersCount: null,
    reusedSocket: false,
    host: 'api.minepi.com',
    protocol: 'https:',
    _redirectable: Writable {
      _writableState: WritableState {
        objectMode: false,
        highWaterMark: 16384,
        finalCalled: false,
        needDrain: false,
        ending: false,
        ended: false,
        finished: false,
        destroyed: false,
        decodeStrings: true,
        defaultEncoding: 'utf8',
        length: 0,
        writing: false,
        corked: 0,
        sync: true,
        bufferProcessing: false,
        onwrite: [Function: bound onwrite],
        writecb: null,
        writelen: 0,
        afterWriteTickInfo: null,
        buffered: [],
        bufferedIndex: 0,
        allBuffers: true,
        allNoop: true,
        pendingcb: 0,
        constructed: true,
        prefinished: false,
        errorEmitted: false,
        emitClose: true,
        autoDestroy: true,
        errored: null,
        closed: false,
        closeEmitted: false,
        [Symbol(kOnFinished)]: []
      },
      _events: [Object: null prototype] {
        response: [Function: handleResponse],
        error: [Function: handleRequestError],
        socket: [
          [Function: handleRequestSocket],
          [Function: destroyOnTimeout]
        ]
      },
      _eventsCount: 3,
      _maxListeners: undefined,
      _options: {
        maxRedirects: 21,
        maxBodyLength: Infinity,
        protocol: 'https:',
        path: '/v2/payments/bsCvYzaCDfwrahrZ5AkDG80K9MGn/approve',
        method: 'POST',
        headers: [Object: null prototype] {
          Accept: 'application/json, text/plain, */*',
          'Content-Type': 'application/x-www-form-urlencoded',
          Authorization: 'Key ndk3imryb59utcdgoclzcc5j2zefnbl0xj2n4hihd0b0xr7ylwjqtqupmvspgf9d',
          'User-Agent': 'axios/1.6.5',
          'Accept-Encoding': 'gzip, compress, deflate, br'
        },
        agents: { http: undefined, https: undefined },
        auth: undefined,
        family: undefined,
        beforeRedirect: [Function: dispatchBeforeRedirect],
        beforeRedirects: { proxy: [Function: beforeRedirect] },
        hostname: 'api.minepi.com',
        port: '',
        agent: undefined,
        nativeProtocols: {
          'http:': {
            _connectionListener: [Function: connectionListener],
            METHODS: [Array],
            STATUS_CODES: [Object],
            Agent: [Function],
            ClientRequest: [Function: ClientRequest],
            IncomingMessage: [Function: IncomingMessage],
            OutgoingMessage: [Function: OutgoingMessage],
            Server: [Function: Server],
            ServerResponse: [Function: ServerResponse],
            createServer: [Function: createServer],
            validateHeaderName: [Function: __node_internal_],
            validateHeaderValue: [Function: __node_internal_],
            get: [Function: get],
            request: [Function: request],
            setMaxIdleHTTPParsers: [Function: setMaxIdleHTTPParsers],
            maxHeaderSize: [Getter],
            globalAgent: [Getter/Setter]
          },
          'https:': {
            Agent: [Function: Agent],
            globalAgent: [Agent],
            Server: [Function: Server],
            createServer: [Function: createServer],
            get: [Function: get],
            request: [Function: request]
          }
        },
        pathname: '/v2/payments/bsCvYzaCDfwrahrZ5AkDG80K9MGn/approve'
      },
      _ended: true,
      _ending: true,
      _redirectCount: 0,
      _redirects: [],
      _requestBodyLength: 0,
      _requestBodyBuffers: [],
      _onNativeResponse: [Function (anonymous)],
      _currentRequest: [Circular *1],
      _currentUrl: 'https://api.minepi.com/v2/payments/bsCvYzaCDfwrahrZ5AkDG80K9MGn/approve',
      _timeout: null,
      [Symbol(kCapture)]: false
    },
    [Symbol(kCapture)]: false,
    [Symbol(kBytesWritten)]: 0,
    [Symbol(kNeedDrain)]: false,
    [Symbol(corked)]: 0,
    [Symbol(kOutHeaders)]: [Object: null prototype] {
      accept: [ 'Accept', 'application/json, text/plain, */*' ],
      'content-type': [ 'Content-Type', 'application/x-www-form-urlencoded' ],
      authorization: [
        'Authorization',
        'Key ndk3imryb59utcdgoclzcc5j2zefnbl0xj2n4hihd0b0xr7ylwjqtqupmvspgf9d'
      ],
      'user-agent': [ 'User-Agent', 'axios/1.6.5' ],
      'accept-encoding': [ 'Accept-Encoding', 'gzip, compress, deflate, br' ],
      host: [ 'Host', 'api.minepi.com' ]
    },
    [Symbol(errored)]: null,
    [Symbol(kHighWaterMark)]: 16384,
    [Symbol(kRejectNonStandardBodyWrites)]: false,
    [Symbol(kUniqueHeaders)]: null
  },
  data: {
    identifier: 'bsCvYzaCDfwrahrZ5AkDG80K9MGn',
    user_uid: 'bbccb95f-5937-4af2-afa8-13ab26e18220',
    amount: 3,
    memo: 'Order Apple Pie',
    metadata: { productId: 'apple_pie_1' },
    from_address: '',
    to_address: 'GCJKGAM3P2GEYFXND56NB74HORSM5WM2XDNJZSZLQELV34VTP6HYGTDO',
    direction: 'user_to_app',
    status: {
      developer_approved: true,
      transaction_verified: false,
      developer_completed: false,
      cancelled: false,
      user_cancelled: false
    },
    transaction: null,
    created_at: '2024-01-22T10:06:44.390Z',
    network: 'Pi Testnet'
  }
}